Flow report for RTL_Blink_LED
Wed Sep  4 19:06:36 2019
Quartus Prime Version 18.1.0 Build 625 09/12/2018 SJ Standard Edition


---------------------
; Table of Contents ;
---------------------
  1. Legal Notice
  2. Flow Summary
  3. Flow Settings
  4. Flow Non-Default Global Settings
  5. Flow Elapsed Time
  6. Flow OS Summary
  7. Flow Log
  8. Flow Messages
  9. Flow Suppressed Messages



----------------
; Legal Notice ;
----------------
Copyright (C) 2018  Intel Corporation. All rights reserved.
Your use of Intel Corporation's design tools, logic functions 
and other software and tools, and its AMPP partner logic 
functions, and any output files from any of the foregoing 
(including device programming or simulation files), and any 
associated documentation or information are expressly subject 
to the terms and conditions of the Intel Program License 
Subscription Agreement, the Intel Quartus Prime License Agreement,
the Intel FPGA IP License Agreement, or other applicable license
agreement, including, without limitation, that your use is for
the sole purpose of programming logic devices manufactured by
Intel and sold by Intel or its authorized distributors.  Please
refer to the applicable agreement for further details.



+-----------------------------------------------------------------------------------+
; Flow Summary                                                                      ;
+---------------------------------+-------------------------------------------------+
; Flow Status                     ; Successful - Wed Sep  4 19:06:36 2019           ;
; Quartus Prime Version           ; 18.1.0 Build 625 09/12/2018 SJ Standard Edition ;
; Revision Name                   ; RTL_Blink_LED                                   ;
; Top-level Entity Name           ; RTL_Blink_LED                                   ;
; Family                          ; Cyclone V                                       ;
; Device                          ; 5CSXFC6D6F31C6                                  ;
; Timing Models                   ; Final                                           ;
; Logic utilization (in ALMs)     ; 438 / 41,910 ( 1 % )                            ;
; Total registers                 ; 30                                              ;
; Total pins                      ; 20 / 499 ( 4 % )                                ;
; Total virtual pins              ; 0                                               ;
; Total block memory bits         ; 0 / 5,662,720 ( 0 % )                           ;
; Total DSP Blocks                ; 0 / 112 ( 0 % )                                 ;
; Total HSSI RX PCSs              ; 0 / 9 ( 0 % )                                   ;
; Total HSSI PMA RX Deserializers ; 0 / 9 ( 0 % )                                   ;
; Total HSSI TX PCSs              ; 0 / 9 ( 0 % )                                   ;
; Total HSSI PMA TX Serializers   ; 0 / 9 ( 0 % )                                   ;
; Total PLLs                      ; 0 / 15 ( 0 % )                                  ;
; Total DLLs                      ; 0 / 4 ( 0 % )                                   ;
+---------------------------------+-------------------------------------------------+


+-----------------------------------------+
; Flow Settings                           ;
+-------------------+---------------------+
; Option            ; Setting             ;
+-------------------+---------------------+
; Start date & time ; 09/04/2019 19:04:49 ;
; Main task         ; Compilation         ;
; Revision Name     ; RTL_Blink_LED       ;
+-------------------+---------------------+


+-----------------------------------------------------------------------------------------------------------------------------+
; Flow Non-Default Global Settings                                                                                            ;
+-------------------------------------+----------------------------------------+---------------+-------------+----------------+
; Assignment Name                     ; Value                                  ; Default Value ; Entity Name ; Section Id     ;
+-------------------------------------+----------------------------------------+---------------+-------------+----------------+
; COMPILER_SIGNATURE_ID               ; 167690720302005.156763468919738        ; --            ; --          ; --             ;
; EDA_OUTPUT_DATA_FORMAT              ; Verilog Hdl                            ; --            ; --          ; eda_simulation ;
; EDA_SIMULATION_TOOL                 ; ModelSim-Altera (Verilog)              ; <None>        ; --          ; --             ;
; EDA_TIME_SCALE                      ; 1 ps                                   ; --            ; --          ; eda_simulation ;
; MAX_CORE_JUNCTION_TEMP              ; 85                                     ; --            ; --          ; --             ;
; MIN_CORE_JUNCTION_TEMP              ; 0                                      ; --            ; --          ; --             ;
; PARTITION_COLOR                     ; -- (Not supported for targeted family) ; --            ; --          ; Top            ;
; PARTITION_FITTER_PRESERVATION_LEVEL ; -- (Not supported for targeted family) ; --            ; --          ; Top            ;
; PARTITION_NETLIST_TYPE              ; -- (Not supported for targeted family) ; --            ; --          ; Top            ;
; PROJECT_OUTPUT_DIRECTORY            ; output_files                           ; --            ; --          ; --             ;
+-------------------------------------+----------------------------------------+---------------+-------------+----------------+


+--------------------------------------------------------------------------------------------------------------------------+
; Flow Elapsed Time                                                                                                        ;
+----------------------+--------------+-------------------------+---------------------+------------------------------------+
; Module Name          ; Elapsed Time ; Average Processors Used ; Peak Virtual Memory ; Total CPU Time (on all processors) ;
+----------------------+--------------+-------------------------+---------------------+------------------------------------+
; Analysis & Synthesis ; 00:00:43     ; 1.0                     ; 1038 MB             ; 00:00:59                           ;
; Fitter               ; 00:00:47     ; 1.1                     ; 2414 MB             ; 00:01:32                           ;
; Assembler            ; 00:00:06     ; 1.0                     ; 946 MB              ; 00:00:06                           ;
; Timing Analyzer      ; 00:00:07     ; 1.5                     ; 1185 MB             ; 00:00:09                           ;
; EDA Netlist Writer   ; 00:00:01     ; 1.0                     ; 1122 MB             ; 00:00:01                           ;
; Total                ; 00:01:44     ; --                      ; --                  ; 00:02:47                           ;
+----------------------+--------------+-------------------------+---------------------+------------------------------------+


+------------------------------------------------------------------------------------------------+
; Flow OS Summary                                                                                ;
+----------------------+----------------------------+--------------+------------+----------------+
; Module Name          ; Machine Hostname           ; OS Name      ; OS Version ; Processor type ;
+----------------------+----------------------------+--------------+------------+----------------+
; Analysis & Synthesis ; bruno-340XAA-350XAA-550XAA ; Ubuntu 19.04 ; 19         ; x86_64         ;
; Fitter               ; bruno-340XAA-350XAA-550XAA ; Ubuntu 19.04 ; 19         ; x86_64         ;
; Assembler            ; bruno-340XAA-350XAA-550XAA ; Ubuntu 19.04 ; 19         ; x86_64         ;
; Timing Analyzer      ; bruno-340XAA-350XAA-550XAA ; Ubuntu 19.04 ; 19         ; x86_64         ;
; EDA Netlist Writer   ; bruno-340XAA-350XAA-550XAA ; Ubuntu 19.04 ; 19         ; x86_64         ;
+----------------------+----------------------------+--------------+------------+----------------+


------------
; Flow Log ;
------------
quartus_map --read_settings_files=on --write_settings_files=off RTL_Blink_LED -c RTL_Blink_LED
quartus_fit --read_settings_files=off --write_settings_files=off RTL_Blink_LED -c RTL_Blink_LED
quartus_asm --read_settings_files=off --write_settings_files=off RTL_Blink_LED -c RTL_Blink_LED
quartus_sta RTL_Blink_LED -c RTL_Blink_LED
quartus_eda --read_settings_files=off --write_settings_files=off RTL_Blink_LED -c RTL_Blink_LED



