20:03:57 **** Incremental Build of configuration Nios II for project niosHello ****
make all 
Info: Building ../../../niosHello_bsp/
make --no-print-directory -C ../../../niosHello_bsp/
[BSP build complete]
Info: Compiling hello_world.c to obj/default/hello_world.o
nios2-elf-gcc -xc -MP -MMD -c -I../../../niosHello_bsp//HAL/inc -I../../../niosHello_bsp/ -I../../../niosHello_bsp//drivers/inc  -pipe -D__hal__ -DALT_NO_INSTRUCTION_EMULATION -DALT_SINGLE_THREADED    -O0 -g -Wall   -mno-hw-div -mhw-mul -mno-hw-mulx -mgpopt=global  -o obj/default/hello_world.o hello_world.c
hello_world.c: In function 'PS2_read_clickLeft':
hello_world.c:38:7: warning: unused variable 'tmp' [-Wunused-variable]
  uint tmp = *(base_address+READ_PS2);
       ^
hello_world.c: In function 'main':
hello_world.c:68:28: warning: passing argument 1 of 'PS2_init' discards 'volatile' qualifier from pointer target type [-Wdiscarded-qualifiers]
       flag_true = PS2_init(p_p2);
                            ^
hello_world.c:24:5: note: expected 'unsigned int *' but argument is of type 'volatile unsigned int *'
 int PS2_init(unsigned int *base_address){
     ^
hello_world.c:72:40: warning: passing argument 1 of 'PS2_read_clickLeft' discards 'volatile' qualifier from pointer target type [-Wdiscarded-qualifiers]
    button_clicked = PS2_read_clickLeft(p_p2);
                                        ^
hello_world.c:37:5: note: expected 'unsigned int *' but argument is of type 'volatile unsigned int *'
 int PS2_read_clickLeft(unsigned int *base_address){
     ^
hello_world.c:64:16: warning: unused variable 'led' [-Wunused-variable]
   unsigned int led = 0;
                ^
Info: Linking niosHello.elf
nios2-elf-g++  -T'../../../niosHello_bsp//linker.x' -msys-crt0='../../../niosHello_bsp//obj/HAL/src/crt0.o' -msys-lib=hal_bsp -L../../../niosHello_bsp/   -Wl,-Map=niosHello.map   -O0 -g -Wall   -mno-hw-div -mhw-mul -mno-hw-mulx -mgpopt=global  -o niosHello.elf obj/default/hello_world.o -lm -msys-lib=m
nios2-elf-insert niosHello.elf --thread_model hal --cpu_name nios2_gen2_0 --qsys true --simulation_enabled false --stderr_dev jtag_uart_0 --stdin_dev jtag_uart_0 --stdout_dev jtag_uart_0 --sopc_system_name niosHello --quartus_project_dir "/home/bruno/Documents/Insper/Embarcados-Avancados/Tutorial-FPGA-NIOS-IP" --jdi ../../..//output_files/Tutorial-FPGA-NIOS.jdi --sopcinfo /home/bruno/Documents/Insper/Embarcados-Avancados/Tutorial-FPGA-NIOS-IP/niosHello_bsp/../niosHello.sopcinfo
Info: (niosHello.elf) 68 KBytes program size (code + initialized data).
Info:                 109 KBytes free for stack + heap.
Info: Creating niosHello.objdump
nios2-elf-objdump --disassemble --syms --all-header --source niosHello.elf >niosHello.objdump
[niosHello build complete]
20:04:04 **** Incremental Build of configuration Nios II for project niosHello ****
make all 
Info: Building ../../../niosHello_bsp/
make --no-print-directory -C ../../../niosHello_bsp/
[BSP build complete]
[niosHello build complete]
20:04:06 **** Incremental Build of configuration Nios II for project niosHello ****
make all 
Info: Building ../../../niosHello_bsp/
make --no-print-directory -C ../../../niosHello_bsp/
[BSP build complete]
[niosHello build complete]
20:05:00 **** Incremental Build of configuration Nios II for project niosHello ****
make all 
Info: Building ../../../niosHello_bsp/
make --no-print-directory -C ../../../niosHello_bsp/
[BSP build complete]
Info: Compiling hello_world.c to obj/default/hello_world.o
nios2-elf-gcc -xc -MP -MMD -c -I../../../niosHello_bsp//HAL/inc -I../../../niosHello_bsp/ -I../../../niosHello_bsp//drivers/inc  -pipe -D__hal__ -DALT_NO_INSTRUCTION_EMULATION -DALT_SINGLE_THREADED    -O0 -g -Wall   -mno-hw-div -mhw-mul -mno-hw-mulx -mgpopt=global  -o obj/default/hello_world.o hello_world.c
hello_world.c: In function 'PS2_read_clickLeft':
hello_world.c:38:7: warning: unused variable 'tmp' [-Wunused-variable]
  uint tmp = *(base_address+READ_PS2);
       ^
hello_world.c: In function 'main':
hello_world.c:68:28: warning: passing argument 1 of 'PS2_init' discards 'volatile' qualifier from pointer target type [-Wdiscarded-qualifiers]
       flag_true = PS2_init(p_p2);
                            ^
hello_world.c:24:5: note: expected 'unsigned int *' but argument is of type 'volatile unsigned int *'
 int PS2_init(unsigned int *base_address){
     ^
hello_world.c:72:40: warning: passing argument 1 of 'PS2_read_clickLeft' discards 'volatile' qualifier from pointer target type [-Wdiscarded-qualifiers]
    button_clicked = PS2_read_clickLeft(p_p2);
                                        ^
hello_world.c:37:5: note: expected 'unsigned int *' but argument is of type 'volatile unsigned int *'
 int PS2_read_clickLeft(unsigned int *base_address){
     ^
hello_world.c:64:16: warning: unused variable 'led' [-Wunused-variable]
   unsigned int led = 0;
                ^
Info: Linking niosHello.elf
nios2-elf-g++  -T'../../../niosHello_bsp//linker.x' -msys-crt0='../../../niosHello_bsp//obj/HAL/src/crt0.o' -msys-lib=hal_bsp -L../../../niosHello_bsp/   -Wl,-Map=niosHello.map   -O0 -g -Wall   -mno-hw-div -mhw-mul -mno-hw-mulx -mgpopt=global  -o niosHello.elf obj/default/hello_world.o -lm -msys-lib=m
nios2-elf-insert niosHello.elf --thread_model hal --cpu_name nios2_gen2_0 --qsys true --simulation_enabled false --stderr_dev jtag_uart_0 --stdin_dev jtag_uart_0 --stdout_dev jtag_uart_0 --sopc_system_name niosHello --quartus_project_dir "/home/bruno/Documents/Insper/Embarcados-Avancados/Tutorial-FPGA-NIOS-IP" --jdi ../../..//output_files/Tutorial-FPGA-NIOS.jdi --sopcinfo /home/bruno/Documents/Insper/Embarcados-Avancados/Tutorial-FPGA-NIOS-IP/niosHello_bsp/../niosHello.sopcinfo
Info: (niosHello.elf) 68 KBytes program size (code + initialized data).
Info:                 109 KBytes free for stack + heap.
Info: Creating niosHello.objdump
nios2-elf-objdump --disassemble --syms --all-header --source niosHello.elf >niosHello.objdump
[niosHello build complete]
20:05:27 **** Incremental Build of configuration Nios II for project niosHello ****
make all 
Info: Building ../../../niosHello_bsp/
make --no-print-directory -C ../../../niosHello_bsp/
[BSP build complete]
[niosHello build complete]
20:06:08 **** Incremental Build of configuration Nios II for project niosHello ****
make all 
Info: Building ../../../niosHello_bsp/
make --no-print-directory -C ../../../niosHello_bsp/
[BSP build complete]
Info: Compiling hello_world.c to obj/default/hello_world.o
nios2-elf-gcc -xc -MP -MMD -c -I../../../niosHello_bsp//HAL/inc -I../../../niosHello_bsp/ -I../../../niosHello_bsp//drivers/inc  -pipe -D__hal__ -DALT_NO_INSTRUCTION_EMULATION -DALT_SINGLE_THREADED    -O0 -g -Wall   -mno-hw-div -mhw-mul -mno-hw-mulx -mgpopt=global  -o obj/default/hello_world.o hello_world.c
hello_world.c: In function 'PS2_read_clickLeft':
hello_world.c:38:7: warning: unused variable 'tmp' [-Wunused-variable]
  uint tmp = *(base_address+READ_PS2);
       ^
hello_world.c: In function 'main':
hello_world.c:68:28: warning: passing argument 1 of 'PS2_init' discards 'volatile' qualifier from pointer target type [-Wdiscarded-qualifiers]
       flag_true = PS2_init(p_p2);
                            ^
hello_world.c:24:5: note: expected 'unsigned int *' but argument is of type 'volatile unsigned int *'
 int PS2_init(unsigned int *base_address){
     ^
hello_world.c:72:40: warning: passing argument 1 of 'PS2_read_clickLeft' discards 'volatile' qualifier from pointer target type [-Wdiscarded-qualifiers]
    button_clicked = PS2_read_clickLeft(p_p2);
                                        ^
hello_world.c:37:5: note: expected 'unsigned int *' but argument is of type 'volatile unsigned int *'
 int PS2_read_clickLeft(unsigned int *base_address){
     ^
hello_world.c:64:16: warning: unused variable 'led' [-Wunused-variable]
   unsigned int led = 0;
                ^
Info: Linking niosHello.elf
nios2-elf-g++  -T'../../../niosHello_bsp//linker.x' -msys-crt0='../../../niosHello_bsp//obj/HAL/src/crt0.o' -msys-lib=hal_bsp -L../../../niosHello_bsp/   -Wl,-Map=niosHello.map   -O0 -g -Wall   -mno-hw-div -mhw-mul -mno-hw-mulx -mgpopt=global  -o niosHello.elf obj/default/hello_world.o -lm -msys-lib=m
nios2-elf-insert niosHello.elf --thread_model hal --cpu_name nios2_gen2_0 --qsys true --simulation_enabled false --stderr_dev jtag_uart_0 --stdin_dev jtag_uart_0 --stdout_dev jtag_uart_0 --sopc_system_name niosHello --quartus_project_dir "/home/bruno/Documents/Insper/Embarcados-Avancados/Tutorial-FPGA-NIOS-IP" --jdi ../../..//output_files/Tutorial-FPGA-NIOS.jdi --sopcinfo /home/bruno/Documents/Insper/Embarcados-Avancados/Tutorial-FPGA-NIOS-IP/niosHello_bsp/../niosHello.sopcinfo
Info: (niosHello.elf) 68 KBytes program size (code + initialized data).
Info:                 109 KBytes free for stack + heap.
Info: Creating niosHello.objdump
nios2-elf-objdump --disassemble --syms --all-header --source niosHello.elf >niosHello.objdump
[niosHello build complete]
20:06:51 **** Incremental Build of configuration Nios II for project niosHello ****
make all 
Info: Building ../../../niosHello_bsp/
make --no-print-directory -C ../../../niosHello_bsp/
[BSP build complete]
Info: Compiling hello_world.c to obj/default/hello_world.o
nios2-elf-gcc -xc -MP -MMD -c -I../../../niosHello_bsp//HAL/inc -I../../../niosHello_bsp/ -I../../../niosHello_bsp//drivers/inc  -pipe -D__hal__ -DALT_NO_INSTRUCTION_EMULATION -DALT_SINGLE_THREADED    -O0 -g -Wall   -mno-hw-div -mhw-mul -mno-hw-mulx -mgpopt=global  -o obj/default/hello_world.o hello_world.c
hello_world.c: In function 'PS2_read_clickLeft':
hello_world.c:38:7: warning: unused variable 'tmp' [-Wunused-variable]
  uint tmp = *(base_address+READ_PS2);
       ^
hello_world.c: In function 'main':
hello_world.c:68:28: warning: passing argument 1 of 'PS2_init' discards 'volatile' qualifier from pointer target type [-Wdiscarded-qualifiers]
       flag_true = PS2_init(p_p2);
                            ^
hello_world.c:24:5: note: expected 'unsigned int *' but argument is of type 'volatile unsigned int *'
 int PS2_init(unsigned int *base_address){
     ^
hello_world.c:72:40: warning: passing argument 1 of 'PS2_read_clickLeft' discards 'volatile' qualifier from pointer target type [-Wdiscarded-qualifiers]
    button_clicked = PS2_read_clickLeft(p_p2);
                                        ^
hello_world.c:37:5: note: expected 'unsigned int *' but argument is of type 'volatile unsigned int *'
 int PS2_read_clickLeft(unsigned int *base_address){
     ^
hello_world.c:75:4: warning: implicit declaration of function 'usleep' [-Wimplicit-function-declaration]
    usleep(300);
    ^
hello_world.c:64:16: warning: unused variable 'led' [-Wunused-variable]
   unsigned int led = 0;
                ^
Info: Linking niosHello.elf
nios2-elf-g++  -T'../../../niosHello_bsp//linker.x' -msys-crt0='../../../niosHello_bsp//obj/HAL/src/crt0.o' -msys-lib=hal_bsp -L../../../niosHello_bsp/   -Wl,-Map=niosHello.map   -O0 -g -Wall   -mno-hw-div -mhw-mul -mno-hw-mulx -mgpopt=global  -o niosHello.elf obj/default/hello_world.o -lm -msys-lib=m
nios2-elf-insert niosHello.elf --thread_model hal --cpu_name nios2_gen2_0 --qsys true --simulation_enabled false --stderr_dev jtag_uart_0 --stdin_dev jtag_uart_0 --stdout_dev jtag_uart_0 --sopc_system_name niosHello --quartus_project_dir "/home/bruno/Documents/Insper/Embarcados-Avancados/Tutorial-FPGA-NIOS-IP" --jdi ../../..//output_files/Tutorial-FPGA-NIOS.jdi --sopcinfo /home/bruno/Documents/Insper/Embarcados-Avancados/Tutorial-FPGA-NIOS-IP/niosHello_bsp/../niosHello.sopcinfo
Info: (niosHello.elf) 69 KBytes program size (code + initialized data).
Info:                 109 KBytes free for stack + heap.
Info: Creating niosHello.objdump
nios2-elf-objdump --disassemble --syms --all-header --source niosHello.elf >niosHello.objdump
[niosHello build complete]
20:07:58 **** Incremental Build of configuration Nios II for project niosHello ****
make all 
Info: Building ../../../niosHello_bsp/
make --no-print-directory -C ../../../niosHello_bsp/
[BSP build complete]
Info: Compiling hello_world.c to obj/default/hello_world.o
nios2-elf-gcc -xc -MP -MMD -c -I../../../niosHello_bsp//HAL/inc -I../../../niosHello_bsp/ -I../../../niosHello_bsp//drivers/inc  -pipe -D__hal__ -DALT_NO_INSTRUCTION_EMULATION -DALT_SINGLE_THREADED    -O0 -g -Wall   -mno-hw-div -mhw-mul -mno-hw-mulx -mgpopt=global  -o obj/default/hello_world.o hello_world.c
hello_world.c: In function 'PS2_read_clickLeft':
hello_world.c:38:7: warning: unused variable 'tmp' [-Wunused-variable]
  uint tmp = *(base_address+READ_PS2);
       ^
hello_world.c: In function 'main':
hello_world.c:68:28: warning: passing argument 1 of 'PS2_init' discards 'volatile' qualifier from pointer target type [-Wdiscarded-qualifiers]
       flag_true = PS2_init(p_p2);
                            ^
hello_world.c:24:5: note: expected 'unsigned int *' but argument is of type 'volatile unsigned int *'
 int PS2_init(unsigned int *base_address){
     ^
hello_world.c:72:40: warning: passing argument 1 of 'PS2_read_clickLeft' discards 'volatile' qualifier from pointer target type [-Wdiscarded-qualifiers]
    button_clicked = PS2_read_clickLeft(p_p2);
                                        ^
hello_world.c:37:5: note: expected 'unsigned int *' but argument is of type 'volatile unsigned int *'
 int PS2_read_clickLeft(unsigned int *base_address){
     ^
hello_world.c:75:4: warning: implicit declaration of function 'usleep' [-Wimplicit-function-declaration]
    usleep(300);
    ^
hello_world.c:64:16: warning: unused variable 'led' [-Wunused-variable]
   unsigned int led = 0;
                ^
Info: Linking niosHello.elf
nios2-elf-g++  -T'../../../niosHello_bsp//linker.x' -msys-crt0='../../../niosHello_bsp//obj/HAL/src/crt0.o' -msys-lib=hal_bsp -L../../../niosHello_bsp/   -Wl,-Map=niosHello.map   -O0 -g -Wall   -mno-hw-div -mhw-mul -mno-hw-mulx -mgpopt=global  -o niosHello.elf obj/default/hello_world.o -lm -msys-lib=m
nios2-elf-insert niosHello.elf --thread_model hal --cpu_name nios2_gen2_0 --qsys true --simulation_enabled false --stderr_dev jtag_uart_0 --stdin_dev jtag_uart_0 --stdout_dev jtag_uart_0 --sopc_system_name niosHello --quartus_project_dir "/home/bruno/Documents/Insper/Embarcados-Avancados/Tutorial-FPGA-NIOS-IP" --jdi ../../..//output_files/Tutorial-FPGA-NIOS.jdi --sopcinfo /home/bruno/Documents/Insper/Embarcados-Avancados/Tutorial-FPGA-NIOS-IP/niosHello_bsp/../niosHello.sopcinfo
Info: (niosHello.elf) 69 KBytes program size (code + initialized data).
Info:                 109 KBytes free for stack + heap.
Info: Creating niosHello.objdump
nios2-elf-objdump --disassemble --syms --all-header --source niosHello.elf >niosHello.objdump
[niosHello build complete]
