Analysis & Synthesis report for Tutorial-FPGA-NIOS-IP
Wed Sep 18 18:20:48 2019
Quartus Prime Version 18.1.0 Build 625 09/12/2018 SJ Standard Edition


---------------------
; Table of Contents ;
---------------------
  1. Legal Notice
  2. Analysis & Synthesis Summary
  3. Analysis & Synthesis Settings
  4. Parallel Compilation
  5. Analysis & Synthesis Messages
  6. Analysis & Synthesis Suppressed Messages



----------------
; Legal Notice ;
----------------
Copyright (C) 2018  Intel Corporation. All rights reserved.
Your use of Intel Corporation's design tools, logic functions 
and other software and tools, and its AMPP partner logic 
functions, and any output files from any of the foregoing 
(including device programming or simulation files), and any 
associated documentation or information are expressly subject 
to the terms and conditions of the Intel Program License 
Subscription Agreement, the Intel Quartus Prime License Agreement,
the Intel FPGA IP License Agreement, or other applicable license
agreement, including, without limitation, that your use is for
the sole purpose of programming logic devices manufactured by
Intel and sold by Intel or its authorized distributors.  Please
refer to the applicable agreement for further details.



+-------------------------------------------------------------------------------+
; Analysis & Synthesis Summary                                                  ;
+-----------------------------+-------------------------------------------------+
; Analysis & Synthesis Status ; Failed - Wed Sep 18 18:20:48 2019               ;
; Quartus Prime Version       ; 18.1.0 Build 625 09/12/2018 SJ Standard Edition ;
; Revision Name               ; Tutorial-FPGA-NIOS-IP                           ;
; Top-level Entity Name       ; topLevel                                        ;
; Family                      ; Cyclone V                                       ;
; Logic utilization (in ALMs) ; N/A until Partition Merge                       ;
; Total registers             ; N/A until Partition Merge                       ;
; Total pins                  ; N/A until Partition Merge                       ;
; Total virtual pins          ; N/A until Partition Merge                       ;
; Total block memory bits     ; N/A until Partition Merge                       ;
; Total PLLs                  ; N/A until Partition Merge                       ;
; Total DLLs                  ; N/A until Partition Merge                       ;
+-----------------------------+-------------------------------------------------+


+------------------------------------------------------------------------------------------------------------------------------+
; Analysis & Synthesis Settings                                                                                                ;
+---------------------------------------------------------------------------------+--------------------+-----------------------+
; Option                                                                          ; Setting            ; Default Value         ;
+---------------------------------------------------------------------------------+--------------------+-----------------------+
; Device                                                                          ; 5CSXFC6D6F31C6     ;                       ;
; Top-level entity name                                                           ; topLevel           ; Tutorial-FPGA-NIOS-IP ;
; Family name                                                                     ; Cyclone V          ; Cyclone V             ;
; Use smart compilation                                                           ; Off                ; Off                   ;
; Enable parallel Assembler and Timing Analyzer during compilation                ; On                 ; On                    ;
; Enable compact report table                                                     ; Off                ; Off                   ;
; Restructure Multiplexers                                                        ; Auto               ; Auto                  ;
; MLAB Add Timing Constraints For Mixed-Port Feed-Through Mode Setting Don't Care ; Off                ; Off                   ;
; Create Debugging Nodes for IP Cores                                             ; Off                ; Off                   ;
; Preserve fewer node names                                                       ; On                 ; On                    ;
; Intel FPGA IP Evaluation Mode                                                   ; Enable             ; Enable                ;
; Verilog Version                                                                 ; Verilog_2001       ; Verilog_2001          ;
; VHDL Version                                                                    ; VHDL_1993          ; VHDL_1993             ;
; State Machine Processing                                                        ; Auto               ; Auto                  ;
; Safe State Machine                                                              ; Off                ; Off                   ;
; Extract Verilog State Machines                                                  ; On                 ; On                    ;
; Extract VHDL State Machines                                                     ; On                 ; On                    ;
; Ignore Verilog initial constructs                                               ; Off                ; Off                   ;
; Iteration limit for constant Verilog loops                                      ; 5000               ; 5000                  ;
; Iteration limit for non-constant Verilog loops                                  ; 250                ; 250                   ;
; Add Pass-Through Logic to Inferred RAMs                                         ; On                 ; On                    ;
; Infer RAMs from Raw Logic                                                       ; On                 ; On                    ;
; Parallel Synthesis                                                              ; On                 ; On                    ;
; DSP Block Balancing                                                             ; Auto               ; Auto                  ;
; NOT Gate Push-Back                                                              ; On                 ; On                    ;
; Power-Up Don't Care                                                             ; On                 ; On                    ;
; Remove Redundant Logic Cells                                                    ; Off                ; Off                   ;
; Remove Duplicate Registers                                                      ; On                 ; On                    ;
; Ignore CARRY Buffers                                                            ; Off                ; Off                   ;
; Ignore CASCADE Buffers                                                          ; Off                ; Off                   ;
; Ignore GLOBAL Buffers                                                           ; Off                ; Off                   ;
; Ignore ROW GLOBAL Buffers                                                       ; Off                ; Off                   ;
; Ignore LCELL Buffers                                                            ; Off                ; Off                   ;
; Ignore SOFT Buffers                                                             ; On                 ; On                    ;
; Limit AHDL Integers to 32 Bits                                                  ; Off                ; Off                   ;
; Optimization Technique                                                          ; Balanced           ; Balanced              ;
; Carry Chain Length                                                              ; 70                 ; 70                    ;
; Auto Carry Chains                                                               ; On                 ; On                    ;
; Auto Open-Drain Pins                                                            ; On                 ; On                    ;
; Perform WYSIWYG Primitive Resynthesis                                           ; Off                ; Off                   ;
; Auto ROM Replacement                                                            ; On                 ; On                    ;
; Auto RAM Replacement                                                            ; On                 ; On                    ;
; Auto DSP Block Replacement                                                      ; On                 ; On                    ;
; Auto Shift Register Replacement                                                 ; Auto               ; Auto                  ;
; Allow Shift Register Merging across Hierarchies                                 ; Auto               ; Auto                  ;
; Auto Clock Enable Replacement                                                   ; On                 ; On                    ;
; Strict RAM Replacement                                                          ; Off                ; Off                   ;
; Allow Synchronous Control Signals                                               ; On                 ; On                    ;
; Force Use of Synchronous Clear Signals                                          ; Off                ; Off                   ;
; Auto Resource Sharing                                                           ; Off                ; Off                   ;
; Allow Any RAM Size For Recognition                                              ; Off                ; Off                   ;
; Allow Any ROM Size For Recognition                                              ; Off                ; Off                   ;
; Allow Any Shift Register Size For Recognition                                   ; Off                ; Off                   ;
; Use LogicLock Constraints during Resource Balancing                             ; On                 ; On                    ;
; Ignore translate_off and synthesis_off directives                               ; Off                ; Off                   ;
; Timing-Driven Synthesis                                                         ; On                 ; On                    ;
; Report Parameter Settings                                                       ; On                 ; On                    ;
; Report Source Assignments                                                       ; On                 ; On                    ;
; Report Connectivity Checks                                                      ; On                 ; On                    ;
; Ignore Maximum Fan-Out Assignments                                              ; Off                ; Off                   ;
; Synchronization Register Chain Length                                           ; 3                  ; 3                     ;
; Power Optimization During Synthesis                                             ; Normal compilation ; Normal compilation    ;
; HDL message level                                                               ; Level2             ; Level2                ;
; Suppress Register Optimization Related Messages                                 ; Off                ; Off                   ;
; Number of Removed Registers Reported in Synthesis Report                        ; 5000               ; 5000                  ;
; Number of Swept Nodes Reported in Synthesis Report                              ; 5000               ; 5000                  ;
; Number of Inverted Registers Reported in Synthesis Report                       ; 100                ; 100                   ;
; Clock MUX Protection                                                            ; On                 ; On                    ;
; Auto Gated Clock Conversion                                                     ; Off                ; Off                   ;
; Block Design Naming                                                             ; Auto               ; Auto                  ;
; SDC constraint protection                                                       ; Off                ; Off                   ;
; Synthesis Effort                                                                ; Auto               ; Auto                  ;
; Shift Register Replacement - Allow Asynchronous Clear Signal                    ; On                 ; On                    ;
; Pre-Mapping Resynthesis Optimization                                            ; Off                ; Off                   ;
; Analysis & Synthesis Message Level                                              ; Medium             ; Medium                ;
; Disable Register Merging Across Hierarchies                                     ; Auto               ; Auto                  ;
; Resource Aware Inference For Block RAM                                          ; On                 ; On                    ;
; Automatic Parallel Synthesis                                                    ; On                 ; On                    ;
; Partial Reconfiguration Bitstream ID                                            ; Off                ; Off                   ;
+---------------------------------------------------------------------------------+--------------------+-----------------------+


+------------------------------------------+
; Parallel Compilation                     ;
+----------------------------+-------------+
; Processors                 ; Number      ;
+----------------------------+-------------+
; Number detected on machine ; 8           ;
; Maximum allowed            ; 4           ;
;                            ;             ;
; Average used               ; 1.00        ;
; Maximum used               ; 1           ;
;                            ;             ;
; Usage by Processor         ; % Time Used ;
;     Processor 1            ; 100.0%      ;
+----------------------------+-------------+


+-------------------------------+
; Analysis & Synthesis Messages ;
+-------------------------------+
Info: *******************************************************************
Info: Running Quartus Prime Analysis & Synthesis
    Info: Version 18.1.0 Build 625 09/12/2018 SJ Standard Edition
    Info: Processing started: Wed Sep 18 18:20:14 2019
Info: Command: quartus_map --read_settings_files=on --write_settings_files=off Tutorial-FPGA-NIOS-IP -c Tutorial-FPGA-NIOS-IP
Warning (18236): Number of processors has not been specified which may cause overloading on shared machines.  Set the global assignment NUM_PARALLEL_PROCESSORS in your QSF to an appropriate value for best performance.
Info (20030): Parallel compilation is enabled and will use 4 of the 4 processors detected
Info (12248): Elaborating Platform Designer system entity "niosHello.qsys"
Info (12250): 2019.09.18.18:20:27 Progress: Loading Tutorial-FPGA-NIOS-IP/niosHello.qsys
Info (12250): 2019.09.18.18:20:28 Progress: Reading input file
Info (12250): 2019.09.18.18:20:28 Progress: Adding clk_0 [clock_source 18.1]
Info (12250): 2019.09.18.18:20:28 Progress: Parameterizing module clk_0
Info (12250): 2019.09.18.18:20:28 Progress: Adding jtag_uart_0 [altera_avalon_jtag_uart 18.1]
Info (12250): 2019.09.18.18:20:28 Progress: Parameterizing module jtag_uart_0
Info (12250): 2019.09.18.18:20:28 Progress: Adding nios2_gen2_0 [altera_nios2_gen2 18.1]
Info (12250): 2019.09.18.18:20:29 Progress: Parameterizing module nios2_gen2_0
Info (12250): 2019.09.18.18:20:29 Progress: Adding onchip_memory2_0 [altera_avalon_onchip_memory2 18.1]
Info (12250): 2019.09.18.18:20:29 Progress: Parameterizing module onchip_memory2_0
Info (12250): 2019.09.18.18:20:29 Progress: Adding onchip_memory2_1 [altera_avalon_onchip_memory2 18.1]
Info (12250): 2019.09.18.18:20:29 Progress: Parameterizing module onchip_memory2_1
Info (12250): 2019.09.18.18:20:29 Progress: Adding peripheral_LED_0 [peripheral_LED 0.1]
Info (12250): 2019.09.18.18:20:29 Progress: Parameterizing module peripheral_LED_0
Info (12250): 2019.09.18.18:20:29 Progress: Adding pio_0 [altera_avalon_pio 18.1]
Info (12250): 2019.09.18.18:20:29 Progress: Parameterizing module pio_0
Info (12250): 2019.09.18.18:20:29 Progress: Adding pio_1 [altera_avalon_pio 18.1]
Info (12250): 2019.09.18.18:20:29 Progress: Parameterizing module pio_1
Info (12250): 2019.09.18.18:20:29 Progress: Building connections
Info (12250): 2019.09.18.18:20:29 Progress: Parameterizing connections
Info (12250): 2019.09.18.18:20:29 Progress: Validating
Info (12250): 2019.09.18.18:20:30 Progress: Done reading input file
Info (12250): NiosHello.jtag_uart_0: JTAG UART IP input clock need to be at least double (2x) the operating frequency of JTAG TCK on board
Info (12250): NiosHello.pio_1: PIO inputs are not hardwired in test bench. Undefined values will be read from PIO inputs during simulation.
Info (12250): NiosHello: Generating niosHello "niosHello" for QUARTUS_SYNTH
Info (12250): Jtag_uart_0: Starting RTL generation for module 'niosHello_jtag_uart_0'
Info (12250): Jtag_uart_0:   Generation command is [exec /home/bruno/intelFPGA/18.1/quartus/linux64/perl/bin/perl -I /home/bruno/intelFPGA/18.1/quartus/linux64/perl/lib -I /home/bruno/intelFPGA/18.1/quartus/sopc_builder/bin/europa -I /home/bruno/intelFPGA/18.1/quartus/sopc_builder/bin/perl_lib -I /home/bruno/intelFPGA/18.1/quartus/sopc_builder/bin -I /home/bruno/intelFPGA/18.1/quartus/../ip/altera/sopc_builder_ip/common -I /home/bruno/intelFPGA/18.1/quartus/../ip/altera/sopc_builder_ip/altera_avalon_jtag_uart -- /home/bruno/intelFPGA/18.1/quartus/../ip/altera/sopc_builder_ip/altera_avalon_jtag_uart/generate_rtl.pl --name=niosHello_jtag_uart_0 --dir=/tmp/alt8157_5331670012935211387.dir/0002_jtag_uart_0_gen/ --quartus_dir=/home/bruno/intelFPGA/18.1/quartus --verilog --config=/tmp/alt8157_5331670012935211387.dir/0002_jtag_uart_0_gen//niosHello_jtag_uart_0_component_configuration.pl  --do_build_sim=0  ]
Info (12250): Jtag_uart_0: Done RTL generation for module 'niosHello_jtag_uart_0'
Info (12250): Jtag_uart_0: "niosHello" instantiated altera_avalon_jtag_uart "jtag_uart_0"
Info (12250): Nios2_gen2_0: "niosHello" instantiated altera_nios2_gen2 "nios2_gen2_0"
Info (12250): Onchip_memory2_0: Starting RTL generation for module 'niosHello_onchip_memory2_0'
Info (12250): Onchip_memory2_0:   Generation command is [exec /home/bruno/intelFPGA/18.1/quartus/linux64/perl/bin/perl -I /home/bruno/intelFPGA/18.1/quartus/linux64/perl/lib -I /home/bruno/intelFPGA/18.1/quartus/sopc_builder/bin/europa -I /home/bruno/intelFPGA/18.1/quartus/sopc_builder/bin/perl_lib -I /home/bruno/intelFPGA/18.1/quartus/sopc_builder/bin -I /home/bruno/intelFPGA/18.1/quartus/../ip/altera/sopc_builder_ip/common -I /home/bruno/intelFPGA/18.1/quartus/../ip/altera/sopc_builder_ip/altera_avalon_onchip_memory2 -- /home/bruno/intelFPGA/18.1/quartus/../ip/altera/sopc_builder_ip/altera_avalon_onchip_memory2/generate_rtl.pl --name=niosHello_onchip_memory2_0 --dir=/tmp/alt8157_5331670012935211387.dir/0003_onchip_memory2_0_gen/ --quartus_dir=/home/bruno/intelFPGA/18.1/quartus --verilog --config=/tmp/alt8157_5331670012935211387.dir/0003_onchip_memory2_0_gen//niosHello_onchip_memory2_0_component_configuration.pl  --do_build_sim=0  ]
Info (12250): Onchip_memory2_0: Done RTL generation for module 'niosHello_onchip_memory2_0'
Info (12250): Onchip_memory2_0: "niosHello" instantiated altera_avalon_onchip_memory2 "onchip_memory2_0"
Info (12250): Onchip_memory2_1: Starting RTL generation for module 'niosHello_onchip_memory2_1'
Info (12250): Onchip_memory2_1:   Generation command is [exec /home/bruno/intelFPGA/18.1/quartus/linux64/perl/bin/perl -I /home/bruno/intelFPGA/18.1/quartus/linux64/perl/lib -I /home/bruno/intelFPGA/18.1/quartus/sopc_builder/bin/europa -I /home/bruno/intelFPGA/18.1/quartus/sopc_builder/bin/perl_lib -I /home/bruno/intelFPGA/18.1/quartus/sopc_builder/bin -I /home/bruno/intelFPGA/18.1/quartus/../ip/altera/sopc_builder_ip/common -I /home/bruno/intelFPGA/18.1/quartus/../ip/altera/sopc_builder_ip/altera_avalon_onchip_memory2 -- /home/bruno/intelFPGA/18.1/quartus/../ip/altera/sopc_builder_ip/altera_avalon_onchip_memory2/generate_rtl.pl --name=niosHello_onchip_memory2_1 --dir=/tmp/alt8157_5331670012935211387.dir/0004_onchip_memory2_1_gen/ --quartus_dir=/home/bruno/intelFPGA/18.1/quartus --verilog --config=/tmp/alt8157_5331670012935211387.dir/0004_onchip_memory2_1_gen//niosHello_onchip_memory2_1_component_configuration.pl  --do_build_sim=0  ]
Info (12250): Onchip_memory2_1: Done RTL generation for module 'niosHello_onchip_memory2_1'
Info (12250): Onchip_memory2_1: "niosHello" instantiated altera_avalon_onchip_memory2 "onchip_memory2_1"
Info (12250): Peripheral_LED_0: "niosHello" instantiated peripheral_LED "peripheral_LED_0"
Info (12250): Pio_1: Starting RTL generation for module 'niosHello_pio_1'
Info (12250): Pio_1:   Generation command is [exec /home/bruno/intelFPGA/18.1/quartus/linux64/perl/bin/perl -I /home/bruno/intelFPGA/18.1/quartus/linux64/perl/lib -I /home/bruno/intelFPGA/18.1/quartus/sopc_builder/bin/europa -I /home/bruno/intelFPGA/18.1/quartus/sopc_builder/bin/perl_lib -I /home/bruno/intelFPGA/18.1/quartus/sopc_builder/bin -I /home/bruno/intelFPGA/18.1/quartus/../ip/altera/sopc_builder_ip/common -I /home/bruno/intelFPGA/18.1/quartus/../ip/altera/sopc_builder_ip/altera_avalon_pio -- /home/bruno/intelFPGA/18.1/quartus/../ip/altera/sopc_builder_ip/altera_avalon_pio/generate_rtl.pl --name=niosHello_pio_1 --dir=/tmp/alt8157_5331670012935211387.dir/0006_pio_1_gen/ --quartus_dir=/home/bruno/intelFPGA/18.1/quartus --verilog --config=/tmp/alt8157_5331670012935211387.dir/0006_pio_1_gen//niosHello_pio_1_component_configuration.pl  --do_build_sim=0  ]
Info (12250): Pio_1: Done RTL generation for module 'niosHello_pio_1'
Info (12250): Pio_1: "niosHello" instantiated altera_avalon_pio "pio_1"
Info (12250): Avalon_st_adapter: Inserting error_adapter: error_adapter_0
Info (12250): Avalon_st_adapter_001: Inserting error_adapter: error_adapter_0
Info (12250): Avalon_st_adapter_002: Inserting error_adapter: error_adapter_0
Info (12250): Avalon_st_adapter_003: Inserting error_adapter: error_adapter_0
Info (12250): Avalon_st_adapter_004: Inserting error_adapter: error_adapter_0
Info (12250): Avalon_st_adapter_005: Inserting error_adapter: error_adapter_0
Info (12250): Mm_interconnect_0: "niosHello" instantiated altera_mm_interconnect "mm_interconnect_0"
Info (12250): Irq_mapper: "niosHello" instantiated altera_irq_mapper "irq_mapper"
Info (12250): Rst_controller: "niosHello" instantiated altera_reset_controller "rst_controller"
Info (12250): Cpu: Starting RTL generation for module 'niosHello_nios2_gen2_0_cpu'
Info (12250): Cpu:   Generation command is [exec /home/bruno/intelFPGA/18.1/quartus/linux64//eperlcmd -I /home/bruno/intelFPGA/18.1/quartus/linux64//perl/lib -I /home/bruno/intelFPGA/18.1/quartus/sopc_builder/bin/europa -I /home/bruno/intelFPGA/18.1/quartus/sopc_builder/bin/perl_lib -I /home/bruno/intelFPGA/18.1/quartus/sopc_builder/bin -I /home/bruno/intelFPGA/18.1/quartus/../ip/altera/nios2_ip/altera_nios2_gen2/cpu_lib -I /home/bruno/intelFPGA/18.1/quartus/../ip/altera/nios2_ip/altera_nios2_gen2/nios_lib -I /home/bruno/intelFPGA/18.1/quartus/../ip/altera/nios2_ip/altera_nios2_gen2 -I /home/bruno/intelFPGA/18.1/quartus/../ip/altera/nios2_ip/altera_nios2_gen2 -- /home/bruno/intelFPGA/18.1/quartus/../ip/altera/nios2_ip/altera_nios2_gen2/generate_rtl.epl --name=niosHello_nios2_gen2_0_cpu --dir=/tmp/alt8157_5331670012935211387.dir/0009_cpu_gen/ --quartus_bindir=/home/bruno/intelFPGA/18.1/quartus/linux64/ --verilog --config=/tmp/alt8157_5331670012935211387.dir/0009_cpu_gen//niosHello_nios2_gen2_0_cpu_processor_configuration.pl  --do_build_sim=0  ]
Info (12250): Cpu: # 2019.09.18 18:20:37 (*) Starting Nios II generation
Info (12250): Cpu: # 2019.09.18 18:20:37 (*)   Checking for plaintext license.
Info (12250): Cpu: # 2019.09.18 18:20:38 (*)   Plaintext license not found.
Info (12250): Cpu: # 2019.09.18 18:20:38 (*)   Checking for encrypted license (non-evaluation).
Info (12250): Cpu: # 2019.09.18 18:20:38 (*)   Encrypted license found.  SOF will not be time-limited.
Info (12250): Cpu: # 2019.09.18 18:20:38 (*)   Elaborating CPU configuration settings
Info (12250): Cpu: # 2019.09.18 18:20:38 (*)   Creating all objects for CPU
Info (12250): Cpu: # 2019.09.18 18:20:38 (*)     Testbench
Info (12250): Cpu: # 2019.09.18 18:20:39 (*)     Instruction decoding
Info (12250): Cpu: # 2019.09.18 18:20:39 (*)       Instruction fields
Info (12250): Cpu: # 2019.09.18 18:20:39 (*)       Instruction decodes
Info (12250): Cpu: # 2019.09.18 18:20:40 (*)       Signals for RTL simulation waveforms
Info (12250): Cpu: # 2019.09.18 18:20:40 (*)       Instruction controls
Info (12250): Cpu: # 2019.09.18 18:20:40 (*)     Pipeline frontend
Info (12250): Cpu: # 2019.09.18 18:20:40 (*)     Pipeline backend
Info (12250): Cpu: # 2019.09.18 18:20:42 (*)   Generating RTL from CPU objects
Info (12250): Cpu: # 2019.09.18 18:20:43 (*)   Creating encrypted RTL
Info (12250): Cpu: # 2019.09.18 18:20:45 (*) Done Nios II generation
Info (12250): Cpu: Done RTL generation for module 'niosHello_nios2_gen2_0_cpu'
Info (12250): Cpu: "nios2_gen2_0" instantiated altera_nios2_gen2_unit "cpu"
Info (12250): Nios2_gen2_0_data_master_translator: "mm_interconnect_0" instantiated altera_merlin_master_translator "nios2_gen2_0_data_master_translator"
Info (12250): Jtag_uart_0_avalon_jtag_slave_translator: "mm_interconnect_0" instantiated altera_merlin_slave_translator "jtag_uart_0_avalon_jtag_slave_translator"
Info (12250): Nios2_gen2_0_data_master_agent: "mm_interconnect_0" instantiated altera_merlin_master_agent "nios2_gen2_0_data_master_agent"
Info (12250): Jtag_uart_0_avalon_jtag_slave_agent: "mm_interconnect_0" instantiated altera_merlin_slave_agent "jtag_uart_0_avalon_jtag_slave_agent"
Info (12250): Jtag_uart_0_avalon_jtag_slave_agent_rsp_fifo: "mm_interconnect_0" instantiated altera_avalon_sc_fifo "jtag_uart_0_avalon_jtag_slave_agent_rsp_fifo"
Info (12250): Router: "mm_interconnect_0" instantiated altera_merlin_router "router"
Info (12250): Router_001: "mm_interconnect_0" instantiated altera_merlin_router "router_001"
Info (12250): Router_002: "mm_interconnect_0" instantiated altera_merlin_router "router_002"
Info (12250): Router_004: "mm_interconnect_0" instantiated altera_merlin_router "router_004"
Info (12250): Nios2_gen2_0_data_master_limiter: "mm_interconnect_0" instantiated altera_merlin_traffic_limiter "nios2_gen2_0_data_master_limiter"
Info (12250): Reusing file /home/bruno/Documents/Insper/Embarcados-Avancados/Tutorial-FPGA-NIOS-IP/db/ip/niosHello/submodules/altera_avalon_sc_fifo.v
Info (12250): Cmd_demux: "mm_interconnect_0" instantiated altera_merlin_demultiplexer "cmd_demux"
Info (12250): Cmd_demux_001: "mm_interconnect_0" instantiated altera_merlin_demultiplexer "cmd_demux_001"
Info (12250): Cmd_mux: "mm_interconnect_0" instantiated altera_merlin_multiplexer "cmd_mux"
Info (12250): Cmd_mux_002: "mm_interconnect_0" instantiated altera_merlin_multiplexer "cmd_mux_002"
Info (12250): Reusing file /home/bruno/Documents/Insper/Embarcados-Avancados/Tutorial-FPGA-NIOS-IP/db/ip/niosHello/submodules/altera_merlin_arbitrator.sv
Info (12250): Rsp_demux: "mm_interconnect_0" instantiated altera_merlin_demultiplexer "rsp_demux"
Info (12250): Rsp_demux_002: "mm_interconnect_0" instantiated altera_merlin_demultiplexer "rsp_demux_002"
Info (12250): Rsp_mux: "mm_interconnect_0" instantiated altera_merlin_multiplexer "rsp_mux"
Info (12250): Reusing file /home/bruno/Documents/Insper/Embarcados-Avancados/Tutorial-FPGA-NIOS-IP/db/ip/niosHello/submodules/altera_merlin_arbitrator.sv
Info (12250): Rsp_mux_001: "mm_interconnect_0" instantiated altera_merlin_multiplexer "rsp_mux_001"
Info (12250): Reusing file /home/bruno/Documents/Insper/Embarcados-Avancados/Tutorial-FPGA-NIOS-IP/db/ip/niosHello/submodules/altera_merlin_arbitrator.sv
Info (12250): Avalon_st_adapter: "mm_interconnect_0" instantiated altera_avalon_st_adapter "avalon_st_adapter"
Info (12250): Error_adapter_0: "avalon_st_adapter" instantiated error_adapter "error_adapter_0"
Info (12250): NiosHello: Done "niosHello" with 31 modules, 52 files
Info (12249): Finished elaborating Platform Designer system entity "niosHello.qsys"
Info (12021): Found 1 design units, including 1 entities, in source file niosHello/synthesis/niosHello.v
    Info (12023): Found entity 1: niosHello File: /home/bruno/Documents/Insper/Embarcados-Avancados/Tutorial-FPGA-NIOS-IP/niosHello/synthesis/niosHello.v Line: 6
Info (12021): Found 1 design units, including 1 entities, in source file niosHello/synthesis/submodules/altera_reset_controller.v
    Info (12023): Found entity 1: altera_reset_controller File: /home/bruno/Documents/Insper/Embarcados-Avancados/Tutorial-FPGA-NIOS-IP/niosHello/synthesis/submodules/altera_reset_controller.v Line: 42
Info (12021): Found 1 design units, including 1 entities, in source file niosHello/synthesis/submodules/altera_reset_synchronizer.v
    Info (12023): Found entity 1: altera_reset_synchronizer File: /home/bruno/Documents/Insper/Embarcados-Avancados/Tutorial-FPGA-NIOS-IP/niosHello/synthesis/submodules/altera_reset_synchronizer.v Line: 24
Info (12021): Found 1 design units, including 1 entities, in source file niosHello/synthesis/submodules/niosHello_irq_mapper.sv
    Info (12023): Found entity 1: niosHello_irq_mapper File: /home/bruno/Documents/Insper/Embarcados-Avancados/Tutorial-FPGA-NIOS-IP/niosHello/synthesis/submodules/niosHello_irq_mapper.sv Line: 31
Info (12021): Found 1 design units, including 1 entities, in source file niosHello/synthesis/submodules/niosHello_mm_interconnect_0.v
    Info (12023): Found entity 1: niosHello_mm_interconnect_0 File: /home/bruno/Documents/Insper/Embarcados-Avancados/Tutorial-FPGA-NIOS-IP/niosHello/synthesis/submodules/niosHello_mm_interconnect_0.v Line: 9
Info (12021): Found 1 design units, including 1 entities, in source file niosHello/synthesis/submodules/niosHello_mm_interconnect_0_avalon_st_adapter.v
    Info (12023): Found entity 1: niosHello_mm_interconnect_0_avalon_st_adapter File: /home/bruno/Documents/Insper/Embarcados-Avancados/Tutorial-FPGA-NIOS-IP/niosHello/synthesis/submodules/niosHello_mm_interconnect_0_avalon_st_adapter.v Line: 9
Info (12021): Found 1 design units, including 1 entities, in source file niosHello/synthesis/submodules/niosHello_mm_interconnect_0_avalon_st_adapter_error_adapter_0.sv
    Info (12023): Found entity 1: niosHello_mm_interconnect_0_avalon_st_adapter_error_adapter_0 File: /home/bruno/Documents/Insper/Embarcados-Avancados/Tutorial-FPGA-NIOS-IP/niosHello/synthesis/submodules/niosHello_mm_interconnect_0_avalon_st_adapter_error_adapter_0.sv Line: 66
Info (12021): Found 1 design units, including 1 entities, in source file niosHello/synthesis/submodules/niosHello_mm_interconnect_0_rsp_mux_001.sv
    Info (12023): Found entity 1: niosHello_mm_interconnect_0_rsp_mux_001 File: /home/bruno/Documents/Insper/Embarcados-Avancados/Tutorial-FPGA-NIOS-IP/niosHello/synthesis/submodules/niosHello_mm_interconnect_0_rsp_mux_001.sv Line: 51
Info (12021): Found 2 design units, including 2 entities, in source file niosHello/synthesis/submodules/altera_merlin_arbitrator.sv
    Info (12023): Found entity 1: altera_merlin_arbitrator File: /home/bruno/Documents/Insper/Embarcados-Avancados/Tutorial-FPGA-NIOS-IP/niosHello/synthesis/submodules/altera_merlin_arbitrator.sv Line: 103
    Info (12023): Found entity 2: altera_merlin_arb_adder File: /home/bruno/Documents/Insper/Embarcados-Avancados/Tutorial-FPGA-NIOS-IP/niosHello/synthesis/submodules/altera_merlin_arbitrator.sv Line: 228
Info (12021): Found 1 design units, including 1 entities, in source file niosHello/synthesis/submodules/niosHello_mm_interconnect_0_rsp_mux.sv
    Info (12023): Found entity 1: niosHello_mm_interconnect_0_rsp_mux File: /home/bruno/Documents/Insper/Embarcados-Avancados/Tutorial-FPGA-NIOS-IP/niosHello/synthesis/submodules/niosHello_mm_interconnect_0_rsp_mux.sv Line: 51
Info (12021): Found 1 design units, including 1 entities, in source file niosHello/synthesis/submodules/niosHello_mm_interconnect_0_rsp_demux_001.sv
    Info (12023): Found entity 1: niosHello_mm_interconnect_0_rsp_demux_001 File: /home/bruno/Documents/Insper/Embarcados-Avancados/Tutorial-FPGA-NIOS-IP/niosHello/synthesis/submodules/niosHello_mm_interconnect_0_rsp_demux_001.sv Line: 43
Info (12021): Found 1 design units, including 1 entities, in source file niosHello/synthesis/submodules/niosHello_mm_interconnect_0_rsp_demux.sv
    Info (12023): Found entity 1: niosHello_mm_interconnect_0_rsp_demux File: /home/bruno/Documents/Insper/Embarcados-Avancados/Tutorial-FPGA-NIOS-IP/niosHello/synthesis/submodules/niosHello_mm_interconnect_0_rsp_demux.sv Line: 43
Info (12021): Found 1 design units, including 1 entities, in source file niosHello/synthesis/submodules/niosHello_mm_interconnect_0_cmd_mux_001.sv
    Info (12023): Found entity 1: niosHello_mm_interconnect_0_cmd_mux_001 File: /home/bruno/Documents/Insper/Embarcados-Avancados/Tutorial-FPGA-NIOS-IP/niosHello/synthesis/submodules/niosHello_mm_interconnect_0_cmd_mux_001.sv Line: 51
Info (12021): Found 1 design units, including 1 entities, in source file niosHello/synthesis/submodules/niosHello_mm_interconnect_0_cmd_mux.sv
    Info (12023): Found entity 1: niosHello_mm_interconnect_0_cmd_mux File: /home/bruno/Documents/Insper/Embarcados-Avancados/Tutorial-FPGA-NIOS-IP/niosHello/synthesis/submodules/niosHello_mm_interconnect_0_cmd_mux.sv Line: 51
Info (12021): Found 1 design units, including 1 entities, in source file niosHello/synthesis/submodules/niosHello_mm_interconnect_0_cmd_demux_001.sv
    Info (12023): Found entity 1: niosHello_mm_interconnect_0_cmd_demux_001 File: /home/bruno/Documents/Insper/Embarcados-Avancados/Tutorial-FPGA-NIOS-IP/niosHello/synthesis/submodules/niosHello_mm_interconnect_0_cmd_demux_001.sv Line: 43
Info (12021): Found 1 design units, including 1 entities, in source file niosHello/synthesis/submodules/niosHello_mm_interconnect_0_cmd_demux.sv
    Info (12023): Found entity 1: niosHello_mm_interconnect_0_cmd_demux File: /home/bruno/Documents/Insper/Embarcados-Avancados/Tutorial-FPGA-NIOS-IP/niosHello/synthesis/submodules/niosHello_mm_interconnect_0_cmd_demux.sv Line: 43
Info (12021): Found 1 design units, including 1 entities, in source file niosHello/synthesis/submodules/altera_merlin_traffic_limiter.sv
    Info (12023): Found entity 1: altera_merlin_traffic_limiter File: /home/bruno/Documents/Insper/Embarcados-Avancados/Tutorial-FPGA-NIOS-IP/niosHello/synthesis/submodules/altera_merlin_traffic_limiter.sv Line: 49
Info (12021): Found 2 design units, including 2 entities, in source file niosHello/synthesis/submodules/altera_merlin_reorder_memory.sv
    Info (12023): Found entity 1: altera_merlin_reorder_memory File: /home/bruno/Documents/Insper/Embarcados-Avancados/Tutorial-FPGA-NIOS-IP/niosHello/synthesis/submodules/altera_merlin_reorder_memory.sv Line: 28
    Info (12023): Found entity 2: memory_pointer_controller File: /home/bruno/Documents/Insper/Embarcados-Avancados/Tutorial-FPGA-NIOS-IP/niosHello/synthesis/submodules/altera_merlin_reorder_memory.sv Line: 185
Info (12021): Found 1 design units, including 1 entities, in source file niosHello/synthesis/submodules/altera_avalon_sc_fifo.v
    Info (12023): Found entity 1: altera_avalon_sc_fifo File: /home/bruno/Documents/Insper/Embarcados-Avancados/Tutorial-FPGA-NIOS-IP/niosHello/synthesis/submodules/altera_avalon_sc_fifo.v Line: 21
Info (12021): Found 1 design units, including 1 entities, in source file niosHello/synthesis/submodules/altera_avalon_st_pipeline_base.v
    Info (12023): Found entity 1: altera_avalon_st_pipeline_base File: /home/bruno/Documents/Insper/Embarcados-Avancados/Tutorial-FPGA-NIOS-IP/niosHello/synthesis/submodules/altera_avalon_st_pipeline_base.v Line: 22
Info (12021): Found 2 design units, including 2 entities, in source file niosHello/synthesis/submodules/niosHello_mm_interconnect_0_router_003.sv
    Info (12023): Found entity 1: niosHello_mm_interconnect_0_router_003_default_decode File: /home/bruno/Documents/Insper/Embarcados-Avancados/Tutorial-FPGA-NIOS-IP/niosHello/synthesis/submodules/niosHello_mm_interconnect_0_router_003.sv Line: 45
    Info (12023): Found entity 2: niosHello_mm_interconnect_0_router_003 File: /home/bruno/Documents/Insper/Embarcados-Avancados/Tutorial-FPGA-NIOS-IP/niosHello/synthesis/submodules/niosHello_mm_interconnect_0_router_003.sv Line: 84
Info (12021): Found 2 design units, including 2 entities, in source file niosHello/synthesis/submodules/niosHello_mm_interconnect_0_router_002.sv
    Info (12023): Found entity 1: niosHello_mm_interconnect_0_router_002_default_decode File: /home/bruno/Documents/Insper/Embarcados-Avancados/Tutorial-FPGA-NIOS-IP/niosHello/synthesis/submodules/niosHello_mm_interconnect_0_router_002.sv Line: 45
    Info (12023): Found entity 2: niosHello_mm_interconnect_0_router_002 File: /home/bruno/Documents/Insper/Embarcados-Avancados/Tutorial-FPGA-NIOS-IP/niosHello/synthesis/submodules/niosHello_mm_interconnect_0_router_002.sv Line: 84
Info (12021): Found 2 design units, including 2 entities, in source file niosHello/synthesis/submodules/niosHello_mm_interconnect_0_router_001.sv
    Info (12023): Found entity 1: niosHello_mm_interconnect_0_router_001_default_decode File: /home/bruno/Documents/Insper/Embarcados-Avancados/Tutorial-FPGA-NIOS-IP/niosHello/synthesis/submodules/niosHello_mm_interconnect_0_router_001.sv Line: 45
    Info (12023): Found entity 2: niosHello_mm_interconnect_0_router_001 File: /home/bruno/Documents/Insper/Embarcados-Avancados/Tutorial-FPGA-NIOS-IP/niosHello/synthesis/submodules/niosHello_mm_interconnect_0_router_001.sv Line: 84
Info (12021): Found 2 design units, including 2 entities, in source file niosHello/synthesis/submodules/niosHello_mm_interconnect_0_router.sv
    Info (12023): Found entity 1: niosHello_mm_interconnect_0_router_default_decode File: /home/bruno/Documents/Insper/Embarcados-Avancados/Tutorial-FPGA-NIOS-IP/niosHello/synthesis/submodules/niosHello_mm_interconnect_0_router.sv Line: 45
    Info (12023): Found entity 2: niosHello_mm_interconnect_0_router File: /home/bruno/Documents/Insper/Embarcados-Avancados/Tutorial-FPGA-NIOS-IP/niosHello/synthesis/submodules/niosHello_mm_interconnect_0_router.sv Line: 84
Info (12021): Found 1 design units, including 1 entities, in source file niosHello/synthesis/submodules/altera_merlin_slave_agent.sv
    Info (12023): Found entity 1: altera_merlin_slave_agent File: /home/bruno/Documents/Insper/Embarcados-Avancados/Tutorial-FPGA-NIOS-IP/niosHello/synthesis/submodules/altera_merlin_slave_agent.sv Line: 34
Info (12021): Found 1 design units, including 1 entities, in source file niosHello/synthesis/submodules/altera_merlin_burst_uncompressor.sv
    Info (12023): Found entity 1: altera_merlin_burst_uncompressor File: /home/bruno/Documents/Insper/Embarcados-Avancados/Tutorial-FPGA-NIOS-IP/niosHello/synthesis/submodules/altera_merlin_burst_uncompressor.sv Line: 40
Info (12021): Found 1 design units, including 1 entities, in source file niosHello/synthesis/submodules/altera_merlin_master_agent.sv
    Info (12023): Found entity 1: altera_merlin_master_agent File: /home/bruno/Documents/Insper/Embarcados-Avancados/Tutorial-FPGA-NIOS-IP/niosHello/synthesis/submodules/altera_merlin_master_agent.sv Line: 28
Info (12021): Found 1 design units, including 1 entities, in source file niosHello/synthesis/submodules/altera_merlin_slave_translator.sv
    Info (12023): Found entity 1: altera_merlin_slave_translator File: /home/bruno/Documents/Insper/Embarcados-Avancados/Tutorial-FPGA-NIOS-IP/niosHello/synthesis/submodules/altera_merlin_slave_translator.sv Line: 35
Info (12021): Found 1 design units, including 1 entities, in source file niosHello/synthesis/submodules/altera_merlin_master_translator.sv
    Info (12023): Found entity 1: altera_merlin_master_translator File: /home/bruno/Documents/Insper/Embarcados-Avancados/Tutorial-FPGA-NIOS-IP/niosHello/synthesis/submodules/altera_merlin_master_translator.sv Line: 32
Info (12021): Found 1 design units, including 1 entities, in source file niosHello/synthesis/submodules/niosHello_pio_1.v
    Info (12023): Found entity 1: niosHello_pio_1 File: /home/bruno/Documents/Insper/Embarcados-Avancados/Tutorial-FPGA-NIOS-IP/niosHello/synthesis/submodules/niosHello_pio_1.v Line: 21
Info (12021): Found 2 design units, including 1 entities, in source file niosHello/synthesis/submodules/peripheral_LED.vhd
    Info (12022): Found design unit 1: peripheral_LED-rtl File: /home/bruno/Documents/Insper/Embarcados-Avancados/Tutorial-FPGA-NIOS-IP/niosHello/synthesis/submodules/peripheral_LED.vhd Line: 28
    Info (12023): Found entity 1: peripheral_LED File: /home/bruno/Documents/Insper/Embarcados-Avancados/Tutorial-FPGA-NIOS-IP/niosHello/synthesis/submodules/peripheral_LED.vhd Line: 7
Info (12021): Found 1 design units, including 1 entities, in source file niosHello/synthesis/submodules/niosHello_onchip_memory2_1.v
    Info (12023): Found entity 1: niosHello_onchip_memory2_1 File: /home/bruno/Documents/Insper/Embarcados-Avancados/Tutorial-FPGA-NIOS-IP/niosHello/synthesis/submodules/niosHello_onchip_memory2_1.v Line: 21
Info (12021): Found 1 design units, including 1 entities, in source file niosHello/synthesis/submodules/niosHello_onchip_memory2_0.v
    Info (12023): Found entity 1: niosHello_onchip_memory2_0 File: /home/bruno/Documents/Insper/Embarcados-Avancados/Tutorial-FPGA-NIOS-IP/niosHello/synthesis/submodules/niosHello_onchip_memory2_0.v Line: 21
Info (12021): Found 1 design units, including 1 entities, in source file niosHello/synthesis/submodules/niosHello_nios2_gen2_0.v
    Info (12023): Found entity 1: niosHello_nios2_gen2_0 File: /home/bruno/Documents/Insper/Embarcados-Avancados/Tutorial-FPGA-NIOS-IP/niosHello/synthesis/submodules/niosHello_nios2_gen2_0.v Line: 9
Info (12021): Found 1 design units, including 1 entities, in source file niosHello/synthesis/submodules/niosHello_nios2_gen2_0_cpu_mult_cell.v
    Info (12023): Found entity 1: niosHello_nios2_gen2_0_cpu_mult_cell File: /home/bruno/Documents/Insper/Embarcados-Avancados/Tutorial-FPGA-NIOS-IP/niosHello/synthesis/submodules/niosHello_nios2_gen2_0_cpu_mult_cell.v Line: 21
Info (12021): Found 1 design units, including 1 entities, in source file niosHello/synthesis/submodules/niosHello_nios2_gen2_0_cpu_test_bench.v
    Info (12023): Found entity 1: niosHello_nios2_gen2_0_cpu_test_bench File: /home/bruno/Documents/Insper/Embarcados-Avancados/Tutorial-FPGA-NIOS-IP/niosHello/synthesis/submodules/niosHello_nios2_gen2_0_cpu_test_bench.v Line: 21
Info (12021): Found 1 design units, including 1 entities, in source file niosHello/synthesis/submodules/niosHello_nios2_gen2_0_cpu_debug_slave_sysclk.v
    Info (12023): Found entity 1: niosHello_nios2_gen2_0_cpu_debug_slave_sysclk File: /home/bruno/Documents/Insper/Embarcados-Avancados/Tutorial-FPGA-NIOS-IP/niosHello/synthesis/submodules/niosHello_nios2_gen2_0_cpu_debug_slave_sysclk.v Line: 21
Info (12021): Found 1 design units, including 1 entities, in source file niosHello/synthesis/submodules/niosHello_nios2_gen2_0_cpu_debug_slave_tck.v
    Info (12023): Found entity 1: niosHello_nios2_gen2_0_cpu_debug_slave_tck File: /home/bruno/Documents/Insper/Embarcados-Avancados/Tutorial-FPGA-NIOS-IP/niosHello/synthesis/submodules/niosHello_nios2_gen2_0_cpu_debug_slave_tck.v Line: 21
Info (12021): Found 1 design units, including 1 entities, in source file niosHello/synthesis/submodules/niosHello_nios2_gen2_0_cpu_debug_slave_wrapper.v
    Info (12023): Found entity 1: niosHello_nios2_gen2_0_cpu_debug_slave_wrapper File: /home/bruno/Documents/Insper/Embarcados-Avancados/Tutorial-FPGA-NIOS-IP/niosHello/synthesis/submodules/niosHello_nios2_gen2_0_cpu_debug_slave_wrapper.v Line: 21
Info (12021): Found 27 design units, including 27 entities, in source file niosHello/synthesis/submodules/niosHello_nios2_gen2_0_cpu.v
    Info (12023): Found entity 1: niosHello_nios2_gen2_0_cpu_ic_data_module File: /home/bruno/Documents/Insper/Embarcados-Avancados/Tutorial-FPGA-NIOS-IP/niosHello/synthesis/submodules/niosHello_nios2_gen2_0_cpu.v Line: 21
    Info (12023): Found entity 2: niosHello_nios2_gen2_0_cpu_ic_tag_module File: /home/bruno/Documents/Insper/Embarcados-Avancados/Tutorial-FPGA-NIOS-IP/niosHello/synthesis/submodules/niosHello_nios2_gen2_0_cpu.v Line: 89
    Info (12023): Found entity 3: niosHello_nios2_gen2_0_cpu_bht_module File: /home/bruno/Documents/Insper/Embarcados-Avancados/Tutorial-FPGA-NIOS-IP/niosHello/synthesis/submodules/niosHello_nios2_gen2_0_cpu.v Line: 158
    Info (12023): Found entity 4: niosHello_nios2_gen2_0_cpu_register_bank_a_module File: /home/bruno/Documents/Insper/Embarcados-Avancados/Tutorial-FPGA-NIOS-IP/niosHello/synthesis/submodules/niosHello_nios2_gen2_0_cpu.v Line: 227
    Info (12023): Found entity 5: niosHello_nios2_gen2_0_cpu_register_bank_b_module File: /home/bruno/Documents/Insper/Embarcados-Avancados/Tutorial-FPGA-NIOS-IP/niosHello/synthesis/submodules/niosHello_nios2_gen2_0_cpu.v Line: 293
    Info (12023): Found entity 6: niosHello_nios2_gen2_0_cpu_dc_tag_module File: /home/bruno/Documents/Insper/Embarcados-Avancados/Tutorial-FPGA-NIOS-IP/niosHello/synthesis/submodules/niosHello_nios2_gen2_0_cpu.v Line: 359
    Info (12023): Found entity 7: niosHello_nios2_gen2_0_cpu_dc_data_module File: /home/bruno/Documents/Insper/Embarcados-Avancados/Tutorial-FPGA-NIOS-IP/niosHello/synthesis/submodules/niosHello_nios2_gen2_0_cpu.v Line: 425
    Info (12023): Found entity 8: niosHello_nios2_gen2_0_cpu_dc_victim_module File: /home/bruno/Documents/Insper/Embarcados-Avancados/Tutorial-FPGA-NIOS-IP/niosHello/synthesis/submodules/niosHello_nios2_gen2_0_cpu.v Line: 494
    Info (12023): Found entity 9: niosHello_nios2_gen2_0_cpu_nios2_oci_debug File: /home/bruno/Documents/Insper/Embarcados-Avancados/Tutorial-FPGA-NIOS-IP/niosHello/synthesis/submodules/niosHello_nios2_gen2_0_cpu.v Line: 562
    Info (12023): Found entity 10: niosHello_nios2_gen2_0_cpu_nios2_oci_break File: /home/bruno/Documents/Insper/Embarcados-Avancados/Tutorial-FPGA-NIOS-IP/niosHello/synthesis/submodules/niosHello_nios2_gen2_0_cpu.v Line: 708
    Info (12023): Found entity 11: niosHello_nios2_gen2_0_cpu_nios2_oci_xbrk File: /home/bruno/Documents/Insper/Embarcados-Avancados/Tutorial-FPGA-NIOS-IP/niosHello/synthesis/submodules/niosHello_nios2_gen2_0_cpu.v Line: 1001
    Info (12023): Found entity 12: niosHello_nios2_gen2_0_cpu_nios2_oci_dbrk File: /home/bruno/Documents/Insper/Embarcados-Avancados/Tutorial-FPGA-NIOS-IP/niosHello/synthesis/submodules/niosHello_nios2_gen2_0_cpu.v Line: 1262
    Info (12023): Found entity 13: niosHello_nios2_gen2_0_cpu_nios2_oci_itrace File: /home/bruno/Documents/Insper/Embarcados-Avancados/Tutorial-FPGA-NIOS-IP/niosHello/synthesis/submodules/niosHello_nios2_gen2_0_cpu.v Line: 1451
    Info (12023): Found entity 14: niosHello_nios2_gen2_0_cpu_nios2_oci_td_mode File: /home/bruno/Documents/Insper/Embarcados-Avancados/Tutorial-FPGA-NIOS-IP/niosHello/synthesis/submodules/niosHello_nios2_gen2_0_cpu.v Line: 1634
    Info (12023): Found entity 15: niosHello_nios2_gen2_0_cpu_nios2_oci_dtrace File: /home/bruno/Documents/Insper/Embarcados-Avancados/Tutorial-FPGA-NIOS-IP/niosHello/synthesis/submodules/niosHello_nios2_gen2_0_cpu.v Line: 1702
    Info (12023): Found entity 16: niosHello_nios2_gen2_0_cpu_nios2_oci_compute_input_tm_cnt File: /home/bruno/Documents/Insper/Embarcados-Avancados/Tutorial-FPGA-NIOS-IP/niosHello/synthesis/submodules/niosHello_nios2_gen2_0_cpu.v Line: 1784
    Info (12023): Found entity 17: niosHello_nios2_gen2_0_cpu_nios2_oci_fifo_wrptr_inc File: /home/bruno/Documents/Insper/Embarcados-Avancados/Tutorial-FPGA-NIOS-IP/niosHello/synthesis/submodules/niosHello_nios2_gen2_0_cpu.v Line: 1856
    Info (12023): Found entity 18: niosHello_nios2_gen2_0_cpu_nios2_oci_fifo_cnt_inc File: /home/bruno/Documents/Insper/Embarcados-Avancados/Tutorial-FPGA-NIOS-IP/niosHello/synthesis/submodules/niosHello_nios2_gen2_0_cpu.v Line: 1899
    Info (12023): Found entity 19: niosHello_nios2_gen2_0_cpu_nios2_oci_fifo File: /home/bruno/Documents/Insper/Embarcados-Avancados/Tutorial-FPGA-NIOS-IP/niosHello/synthesis/submodules/niosHello_nios2_gen2_0_cpu.v Line: 1946
    Info (12023): Found entity 20: niosHello_nios2_gen2_0_cpu_nios2_oci_pib File: /home/bruno/Documents/Insper/Embarcados-Avancados/Tutorial-FPGA-NIOS-IP/niosHello/synthesis/submodules/niosHello_nios2_gen2_0_cpu.v Line: 2432
    Info (12023): Found entity 21: niosHello_nios2_gen2_0_cpu_nios2_oci_im File: /home/bruno/Documents/Insper/Embarcados-Avancados/Tutorial-FPGA-NIOS-IP/niosHello/synthesis/submodules/niosHello_nios2_gen2_0_cpu.v Line: 2455
    Info (12023): Found entity 22: niosHello_nios2_gen2_0_cpu_nios2_performance_monitors File: /home/bruno/Documents/Insper/Embarcados-Avancados/Tutorial-FPGA-NIOS-IP/niosHello/synthesis/submodules/niosHello_nios2_gen2_0_cpu.v Line: 2525
    Info (12023): Found entity 23: niosHello_nios2_gen2_0_cpu_nios2_avalon_reg File: /home/bruno/Documents/Insper/Embarcados-Avancados/Tutorial-FPGA-NIOS-IP/niosHello/synthesis/submodules/niosHello_nios2_gen2_0_cpu.v Line: 2542
    Info (12023): Found entity 24: niosHello_nios2_gen2_0_cpu_ociram_sp_ram_module File: /home/bruno/Documents/Insper/Embarcados-Avancados/Tutorial-FPGA-NIOS-IP/niosHello/synthesis/submodules/niosHello_nios2_gen2_0_cpu.v Line: 2635
    Info (12023): Found entity 25: niosHello_nios2_gen2_0_cpu_nios2_ocimem File: /home/bruno/Documents/Insper/Embarcados-Avancados/Tutorial-FPGA-NIOS-IP/niosHello/synthesis/submodules/niosHello_nios2_gen2_0_cpu.v Line: 2700
    Info (12023): Found entity 26: niosHello_nios2_gen2_0_cpu_nios2_oci File: /home/bruno/Documents/Insper/Embarcados-Avancados/Tutorial-FPGA-NIOS-IP/niosHello/synthesis/submodules/niosHello_nios2_gen2_0_cpu.v Line: 2881
    Info (12023): Found entity 27: niosHello_nios2_gen2_0_cpu File: /home/bruno/Documents/Insper/Embarcados-Avancados/Tutorial-FPGA-NIOS-IP/niosHello/synthesis/submodules/niosHello_nios2_gen2_0_cpu.v Line: 3426
Info (12021): Found 5 design units, including 5 entities, in source file niosHello/synthesis/submodules/niosHello_jtag_uart_0.v
    Info (12023): Found entity 1: niosHello_jtag_uart_0_sim_scfifo_w File: /home/bruno/Documents/Insper/Embarcados-Avancados/Tutorial-FPGA-NIOS-IP/niosHello/synthesis/submodules/niosHello_jtag_uart_0.v Line: 21
    Info (12023): Found entity 2: niosHello_jtag_uart_0_scfifo_w File: /home/bruno/Documents/Insper/Embarcados-Avancados/Tutorial-FPGA-NIOS-IP/niosHello/synthesis/submodules/niosHello_jtag_uart_0.v Line: 78
    Info (12023): Found entity 3: niosHello_jtag_uart_0_sim_scfifo_r File: /home/bruno/Documents/Insper/Embarcados-Avancados/Tutorial-FPGA-NIOS-IP/niosHello/synthesis/submodules/niosHello_jtag_uart_0.v Line: 164
    Info (12023): Found entity 4: niosHello_jtag_uart_0_scfifo_r File: /home/bruno/Documents/Insper/Embarcados-Avancados/Tutorial-FPGA-NIOS-IP/niosHello/synthesis/submodules/niosHello_jtag_uart_0.v Line: 243
    Info (12023): Found entity 5: niosHello_jtag_uart_0 File: /home/bruno/Documents/Insper/Embarcados-Avancados/Tutorial-FPGA-NIOS-IP/niosHello/synthesis/submodules/niosHello_jtag_uart_0.v Line: 331
Info (12021): Found 2 design units, including 1 entities, in source file topLevel.vhd
    Info (12022): Found design unit 1: topLevel-rtl File: /home/bruno/Documents/Insper/Embarcados-Avancados/Tutorial-FPGA-NIOS-IP/topLevel.vhd Line: 15
    Info (12023): Found entity 1: topLevel File: /home/bruno/Documents/Insper/Embarcados-Avancados/Tutorial-FPGA-NIOS-IP/topLevel.vhd Line: 4
Info (12021): Found 2 design units, including 1 entities, in source file IP/peripheral_LED.vhd
    Info (12022): Found design unit 1: peripheral_LED-rtl File: /home/bruno/Documents/Insper/Embarcados-Avancados/Tutorial-FPGA-NIOS-IP/IP/peripheral_LED.vhd Line: 28
    Info (12023): Found entity 1: peripheral_LED File: /home/bruno/Documents/Insper/Embarcados-Avancados/Tutorial-FPGA-NIOS-IP/IP/peripheral_LED.vhd Line: 7
Info (15248): File "/home/bruno/Documents/Insper/Embarcados-Avancados/Tutorial-FPGA-NIOS-IP/db/ip/niosHello/niosHello.v" is a duplicate of already analyzed file "/home/bruno/Documents/Insper/Embarcados-Avancados/Tutorial-FPGA-NIOS-IP/niosHello/synthesis/niosHello.v" (same filename, same library name and same md5 digest). Skipping analysis of this file.
Info (12021): Found 0 design units, including 0 entities, in source file db/ip/niosHello/niosHello.v
Info (15248): File "/home/bruno/Documents/Insper/Embarcados-Avancados/Tutorial-FPGA-NIOS-IP/db/ip/niosHello/submodules/altera_avalon_sc_fifo.v" is a duplicate of already analyzed file "/home/bruno/Documents/Insper/Embarcados-Avancados/Tutorial-FPGA-NIOS-IP/niosHello/synthesis/submodules/altera_avalon_sc_fifo.v" (same filename, same library name and same md5 digest). Skipping analysis of this file.
Info (12021): Found 0 design units, including 0 entities, in source file db/ip/niosHello/submodules/altera_avalon_sc_fifo.v
Info (15248): File "/home/bruno/Documents/Insper/Embarcados-Avancados/Tutorial-FPGA-NIOS-IP/db/ip/niosHello/submodules/altera_avalon_st_pipeline_base.v" is a duplicate of already analyzed file "/home/bruno/Documents/Insper/Embarcados-Avancados/Tutorial-FPGA-NIOS-IP/niosHello/synthesis/submodules/altera_avalon_st_pipeline_base.v" (same filename, same library name and same md5 digest). Skipping analysis of this file.
Info (12021): Found 0 design units, including 0 entities, in source file db/ip/niosHello/submodules/altera_avalon_st_pipeline_base.v
Info (15248): File "/home/bruno/Documents/Insper/Embarcados-Avancados/Tutorial-FPGA-NIOS-IP/db/ip/niosHello/submodules/altera_merlin_arbitrator.sv" is a duplicate of already analyzed file "/home/bruno/Documents/Insper/Embarcados-Avancados/Tutorial-FPGA-NIOS-IP/niosHello/synthesis/submodules/altera_merlin_arbitrator.sv" (same filename, same library name and same md5 digest). Skipping analysis of this file.
Info (12021): Found 0 design units, including 0 entities, in source file db/ip/niosHello/submodules/altera_merlin_arbitrator.sv
Info (15248): File "/home/bruno/Documents/Insper/Embarcados-Avancados/Tutorial-FPGA-NIOS-IP/db/ip/niosHello/submodules/altera_merlin_burst_uncompressor.sv" is a duplicate of already analyzed file "/home/bruno/Documents/Insper/Embarcados-Avancados/Tutorial-FPGA-NIOS-IP/niosHello/synthesis/submodules/altera_merlin_burst_uncompressor.sv" (same filename, same library name and same md5 digest). Skipping analysis of this file.
Info (12021): Found 0 design units, including 0 entities, in source file db/ip/niosHello/submodules/altera_merlin_burst_uncompressor.sv
Info (15248): File "/home/bruno/Documents/Insper/Embarcados-Avancados/Tutorial-FPGA-NIOS-IP/db/ip/niosHello/submodules/altera_merlin_master_agent.sv" is a duplicate of already analyzed file "/home/bruno/Documents/Insper/Embarcados-Avancados/Tutorial-FPGA-NIOS-IP/niosHello/synthesis/submodules/altera_merlin_master_agent.sv" (same filename, same library name and same md5 digest). Skipping analysis of this file.
Info (12021): Found 0 design units, including 0 entities, in source file db/ip/niosHello/submodules/altera_merlin_master_agent.sv
Info (15248): File "/home/bruno/Documents/Insper/Embarcados-Avancados/Tutorial-FPGA-NIOS-IP/db/ip/niosHello/submodules/altera_merlin_master_translator.sv" is a duplicate of already analyzed file "/home/bruno/Documents/Insper/Embarcados-Avancados/Tutorial-FPGA-NIOS-IP/niosHello/synthesis/submodules/altera_merlin_master_translator.sv" (same filename, same library name and same md5 digest). Skipping analysis of this file.
Info (12021): Found 0 design units, including 0 entities, in source file db/ip/niosHello/submodules/altera_merlin_master_translator.sv
Info (15248): File "/home/bruno/Documents/Insper/Embarcados-Avancados/Tutorial-FPGA-NIOS-IP/db/ip/niosHello/submodules/altera_merlin_reorder_memory.sv" is a duplicate of already analyzed file "/home/bruno/Documents/Insper/Embarcados-Avancados/Tutorial-FPGA-NIOS-IP/niosHello/synthesis/submodules/altera_merlin_reorder_memory.sv" (same filename, same library name and same md5 digest). Skipping analysis of this file.
Info (12021): Found 0 design units, including 0 entities, in source file db/ip/niosHello/submodules/altera_merlin_reorder_memory.sv
Info (15248): File "/home/bruno/Documents/Insper/Embarcados-Avancados/Tutorial-FPGA-NIOS-IP/db/ip/niosHello/submodules/altera_merlin_slave_agent.sv" is a duplicate of already analyzed file "/home/bruno/Documents/Insper/Embarcados-Avancados/Tutorial-FPGA-NIOS-IP/niosHello/synthesis/submodules/altera_merlin_slave_agent.sv" (same filename, same library name and same md5 digest). Skipping analysis of this file.
Info (12021): Found 0 design units, including 0 entities, in source file db/ip/niosHello/submodules/altera_merlin_slave_agent.sv
Info (15248): File "/home/bruno/Documents/Insper/Embarcados-Avancados/Tutorial-FPGA-NIOS-IP/db/ip/niosHello/submodules/altera_merlin_slave_translator.sv" is a duplicate of already analyzed file "/home/bruno/Documents/Insper/Embarcados-Avancados/Tutorial-FPGA-NIOS-IP/niosHello/synthesis/submodules/altera_merlin_slave_translator.sv" (same filename, same library name and same md5 digest). Skipping analysis of this file.
Info (12021): Found 0 design units, including 0 entities, in source file db/ip/niosHello/submodules/altera_merlin_slave_translator.sv
Info (15248): File "/home/bruno/Documents/Insper/Embarcados-Avancados/Tutorial-FPGA-NIOS-IP/db/ip/niosHello/submodules/altera_merlin_traffic_limiter.sv" is a duplicate of already analyzed file "/home/bruno/Documents/Insper/Embarcados-Avancados/Tutorial-FPGA-NIOS-IP/niosHello/synthesis/submodules/altera_merlin_traffic_limiter.sv" (same filename, same library name and same md5 digest). Skipping analysis of this file.
Info (12021): Found 0 design units, including 0 entities, in source file db/ip/niosHello/submodules/altera_merlin_traffic_limiter.sv
Info (15248): File "/home/bruno/Documents/Insper/Embarcados-Avancados/Tutorial-FPGA-NIOS-IP/db/ip/niosHello/submodules/altera_reset_controller.v" is a duplicate of already analyzed file "/home/bruno/Documents/Insper/Embarcados-Avancados/Tutorial-FPGA-NIOS-IP/niosHello/synthesis/submodules/altera_reset_controller.v" (same filename, same library name and same md5 digest). Skipping analysis of this file.
Info (12021): Found 0 design units, including 0 entities, in source file db/ip/niosHello/submodules/altera_reset_controller.v
Info (15248): File "/home/bruno/Documents/Insper/Embarcados-Avancados/Tutorial-FPGA-NIOS-IP/db/ip/niosHello/submodules/altera_reset_synchronizer.v" is a duplicate of already analyzed file "/home/bruno/Documents/Insper/Embarcados-Avancados/Tutorial-FPGA-NIOS-IP/niosHello/synthesis/submodules/altera_reset_synchronizer.v" (same filename, same library name and same md5 digest). Skipping analysis of this file.
Info (12021): Found 0 design units, including 0 entities, in source file db/ip/niosHello/submodules/altera_reset_synchronizer.v
Info (15248): File "/home/bruno/Documents/Insper/Embarcados-Avancados/Tutorial-FPGA-NIOS-IP/db/ip/niosHello/submodules/niosHello_irq_mapper.sv" is a duplicate of already analyzed file "/home/bruno/Documents/Insper/Embarcados-Avancados/Tutorial-FPGA-NIOS-IP/niosHello/synthesis/submodules/niosHello_irq_mapper.sv" (same filename, same library name and same md5 digest). Skipping analysis of this file.
Info (12021): Found 0 design units, including 0 entities, in source file db/ip/niosHello/submodules/niosHello_irq_mapper.sv
Info (15248): File "/home/bruno/Documents/Insper/Embarcados-Avancados/Tutorial-FPGA-NIOS-IP/db/ip/niosHello/submodules/niosHello_jtag_uart_0.v" is a duplicate of already analyzed file "/home/bruno/Documents/Insper/Embarcados-Avancados/Tutorial-FPGA-NIOS-IP/niosHello/synthesis/submodules/niosHello_jtag_uart_0.v" (same filename, same library name and same md5 digest). Skipping analysis of this file.
Info (12021): Found 0 design units, including 0 entities, in source file db/ip/niosHello/submodules/niosHello_jtag_uart_0.v
Error (10228): Verilog HDL error at niosHello_mm_interconnect_0.v(9): module "niosHello_mm_interconnect_0" cannot be declared more than once File: /home/bruno/Documents/Insper/Embarcados-Avancados/Tutorial-FPGA-NIOS-IP/db/ip/niosHello/submodules/niosHello_mm_interconnect_0.v Line: 9
Info (10499): HDL info at niosHello_mm_interconnect_0.v(9): see declaration for object "niosHello_mm_interconnect_0" File: /home/bruno/Documents/Insper/Embarcados-Avancados/Tutorial-FPGA-NIOS-IP/niosHello/synthesis/submodules/niosHello_mm_interconnect_0.v Line: 9
Info (12021): Found 0 design units, including 0 entities, in source file db/ip/niosHello/submodules/niosHello_mm_interconnect_0.v
Info (15248): File "/home/bruno/Documents/Insper/Embarcados-Avancados/Tutorial-FPGA-NIOS-IP/db/ip/niosHello/submodules/niosHello_mm_interconnect_0_avalon_st_adapter.v" is a duplicate of already analyzed file "/home/bruno/Documents/Insper/Embarcados-Avancados/Tutorial-FPGA-NIOS-IP/niosHello/synthesis/submodules/niosHello_mm_interconnect_0_avalon_st_adapter.v" (same filename, same library name and same md5 digest). Skipping analysis of this file.
Info (12021): Found 0 design units, including 0 entities, in source file db/ip/niosHello/submodules/niosHello_mm_interconnect_0_avalon_st_adapter.v
Info (15248): File "/home/bruno/Documents/Insper/Embarcados-Avancados/Tutorial-FPGA-NIOS-IP/db/ip/niosHello/submodules/niosHello_mm_interconnect_0_avalon_st_adapter_error_adapter_0.sv" is a duplicate of already analyzed file "/home/bruno/Documents/Insper/Embarcados-Avancados/Tutorial-FPGA-NIOS-IP/niosHello/synthesis/submodules/niosHello_mm_interconnect_0_avalon_st_adapter_error_adapter_0.sv" (same filename, same library name and same md5 digest). Skipping analysis of this file.
Info (12021): Found 0 design units, including 0 entities, in source file db/ip/niosHello/submodules/niosHello_mm_interconnect_0_avalon_st_adapter_error_adapter_0.sv
Info (15248): File "/home/bruno/Documents/Insper/Embarcados-Avancados/Tutorial-FPGA-NIOS-IP/db/ip/niosHello/submodules/niosHello_mm_interconnect_0_cmd_demux.sv" is a duplicate of already analyzed file "/home/bruno/Documents/Insper/Embarcados-Avancados/Tutorial-FPGA-NIOS-IP/niosHello/synthesis/submodules/niosHello_mm_interconnect_0_cmd_demux.sv" (same filename, same library name and same md5 digest). Skipping analysis of this file.
Info (12021): Found 0 design units, including 0 entities, in source file db/ip/niosHello/submodules/niosHello_mm_interconnect_0_cmd_demux.sv
Error (10228): Verilog HDL error at niosHello_mm_interconnect_0_cmd_demux_001.sv(43): module "niosHello_mm_interconnect_0_cmd_demux_001" cannot be declared more than once File: /home/bruno/Documents/Insper/Embarcados-Avancados/Tutorial-FPGA-NIOS-IP/db/ip/niosHello/submodules/niosHello_mm_interconnect_0_cmd_demux_001.sv Line: 43
Info (10499): HDL info at niosHello_mm_interconnect_0_cmd_demux_001.sv(43): see declaration for object "niosHello_mm_interconnect_0_cmd_demux_001" File: /home/bruno/Documents/Insper/Embarcados-Avancados/Tutorial-FPGA-NIOS-IP/niosHello/synthesis/submodules/niosHello_mm_interconnect_0_cmd_demux_001.sv Line: 43
Info (12021): Found 0 design units, including 0 entities, in source file db/ip/niosHello/submodules/niosHello_mm_interconnect_0_cmd_demux_001.sv
Info (15248): File "/home/bruno/Documents/Insper/Embarcados-Avancados/Tutorial-FPGA-NIOS-IP/db/ip/niosHello/submodules/niosHello_mm_interconnect_0_cmd_mux.sv" is a duplicate of already analyzed file "/home/bruno/Documents/Insper/Embarcados-Avancados/Tutorial-FPGA-NIOS-IP/niosHello/synthesis/submodules/niosHello_mm_interconnect_0_cmd_mux.sv" (same filename, same library name and same md5 digest). Skipping analysis of this file.
Info (12021): Found 0 design units, including 0 entities, in source file db/ip/niosHello/submodules/niosHello_mm_interconnect_0_cmd_mux.sv
Info (12021): Found 1 design units, including 1 entities, in source file db/ip/niosHello/submodules/niosHello_mm_interconnect_0_cmd_mux_002.sv
    Info (12023): Found entity 1: niosHello_mm_interconnect_0_cmd_mux_002 File: /home/bruno/Documents/Insper/Embarcados-Avancados/Tutorial-FPGA-NIOS-IP/db/ip/niosHello/submodules/niosHello_mm_interconnect_0_cmd_mux_002.sv Line: 51
Info (15248): File "/home/bruno/Documents/Insper/Embarcados-Avancados/Tutorial-FPGA-NIOS-IP/db/ip/niosHello/submodules/niosHello_mm_interconnect_0_router.sv" is a duplicate of already analyzed file "/home/bruno/Documents/Insper/Embarcados-Avancados/Tutorial-FPGA-NIOS-IP/niosHello/synthesis/submodules/niosHello_mm_interconnect_0_router.sv" (same filename, same library name and same md5 digest). Skipping analysis of this file.
Info (12021): Found 0 design units, including 0 entities, in source file db/ip/niosHello/submodules/niosHello_mm_interconnect_0_router.sv
Error (10228): Verilog HDL error at niosHello_mm_interconnect_0_router_001.sv(45): module "niosHello_mm_interconnect_0_router_001_default_decode" cannot be declared more than once File: /home/bruno/Documents/Insper/Embarcados-Avancados/Tutorial-FPGA-NIOS-IP/db/ip/niosHello/submodules/niosHello_mm_interconnect_0_router_001.sv Line: 45
Info (10499): HDL info at niosHello_mm_interconnect_0_router_001.sv(45): see declaration for object "niosHello_mm_interconnect_0_router_001_default_decode" File: /home/bruno/Documents/Insper/Embarcados-Avancados/Tutorial-FPGA-NIOS-IP/niosHello/synthesis/submodules/niosHello_mm_interconnect_0_router_001.sv Line: 45
Error (10112): Ignored design unit "niosHello_mm_interconnect_0_router_001" at niosHello_mm_interconnect_0_router_001.sv(84) due to previous errors File: /home/bruno/Documents/Insper/Embarcados-Avancados/Tutorial-FPGA-NIOS-IP/db/ip/niosHello/submodules/niosHello_mm_interconnect_0_router_001.sv Line: 84
Info (12021): Found 0 design units, including 0 entities, in source file db/ip/niosHello/submodules/niosHello_mm_interconnect_0_router_001.sv
Info (15248): File "/home/bruno/Documents/Insper/Embarcados-Avancados/Tutorial-FPGA-NIOS-IP/db/ip/niosHello/submodules/niosHello_mm_interconnect_0_router_002.sv" is a duplicate of already analyzed file "/home/bruno/Documents/Insper/Embarcados-Avancados/Tutorial-FPGA-NIOS-IP/niosHello/synthesis/submodules/niosHello_mm_interconnect_0_router_002.sv" (same filename, same library name and same md5 digest). Skipping analysis of this file.
Info (12021): Found 0 design units, including 0 entities, in source file db/ip/niosHello/submodules/niosHello_mm_interconnect_0_router_002.sv
Info (12021): Found 2 design units, including 2 entities, in source file db/ip/niosHello/submodules/niosHello_mm_interconnect_0_router_004.sv
    Info (12023): Found entity 1: niosHello_mm_interconnect_0_router_004_default_decode File: /home/bruno/Documents/Insper/Embarcados-Avancados/Tutorial-FPGA-NIOS-IP/db/ip/niosHello/submodules/niosHello_mm_interconnect_0_router_004.sv Line: 45
    Info (12023): Found entity 2: niosHello_mm_interconnect_0_router_004 File: /home/bruno/Documents/Insper/Embarcados-Avancados/Tutorial-FPGA-NIOS-IP/db/ip/niosHello/submodules/niosHello_mm_interconnect_0_router_004.sv Line: 84
Info (15248): File "/home/bruno/Documents/Insper/Embarcados-Avancados/Tutorial-FPGA-NIOS-IP/db/ip/niosHello/submodules/niosHello_mm_interconnect_0_rsp_demux.sv" is a duplicate of already analyzed file "/home/bruno/Documents/Insper/Embarcados-Avancados/Tutorial-FPGA-NIOS-IP/niosHello/synthesis/submodules/niosHello_mm_interconnect_0_rsp_demux.sv" (same filename, same library name and same md5 digest). Skipping analysis of this file.
Info (12021): Found 0 design units, including 0 entities, in source file db/ip/niosHello/submodules/niosHello_mm_interconnect_0_rsp_demux.sv
Info (12021): Found 1 design units, including 1 entities, in source file db/ip/niosHello/submodules/niosHello_mm_interconnect_0_rsp_demux_002.sv
    Info (12023): Found entity 1: niosHello_mm_interconnect_0_rsp_demux_002 File: /home/bruno/Documents/Insper/Embarcados-Avancados/Tutorial-FPGA-NIOS-IP/db/ip/niosHello/submodules/niosHello_mm_interconnect_0_rsp_demux_002.sv Line: 43
Info (15248): File "/home/bruno/Documents/Insper/Embarcados-Avancados/Tutorial-FPGA-NIOS-IP/db/ip/niosHello/submodules/niosHello_mm_interconnect_0_rsp_mux.sv" is a duplicate of already analyzed file "/home/bruno/Documents/Insper/Embarcados-Avancados/Tutorial-FPGA-NIOS-IP/niosHello/synthesis/submodules/niosHello_mm_interconnect_0_rsp_mux.sv" (same filename, same library name and same md5 digest). Skipping analysis of this file.
Info (12021): Found 0 design units, including 0 entities, in source file db/ip/niosHello/submodules/niosHello_mm_interconnect_0_rsp_mux.sv
Error (10228): Verilog HDL error at niosHello_mm_interconnect_0_rsp_mux_001.sv(51): module "niosHello_mm_interconnect_0_rsp_mux_001" cannot be declared more than once File: /home/bruno/Documents/Insper/Embarcados-Avancados/Tutorial-FPGA-NIOS-IP/db/ip/niosHello/submodules/niosHello_mm_interconnect_0_rsp_mux_001.sv Line: 51
Info (10499): HDL info at niosHello_mm_interconnect_0_rsp_mux_001.sv(51): see declaration for object "niosHello_mm_interconnect_0_rsp_mux_001" File: /home/bruno/Documents/Insper/Embarcados-Avancados/Tutorial-FPGA-NIOS-IP/niosHello/synthesis/submodules/niosHello_mm_interconnect_0_rsp_mux_001.sv Line: 51
Info (12021): Found 0 design units, including 0 entities, in source file db/ip/niosHello/submodules/niosHello_mm_interconnect_0_rsp_mux_001.sv
Info (15248): File "/home/bruno/Documents/Insper/Embarcados-Avancados/Tutorial-FPGA-NIOS-IP/db/ip/niosHello/submodules/niosHello_nios2_gen2_0.v" is a duplicate of already analyzed file "/home/bruno/Documents/Insper/Embarcados-Avancados/Tutorial-FPGA-NIOS-IP/niosHello/synthesis/submodules/niosHello_nios2_gen2_0.v" (same filename, same library name and same md5 digest). Skipping analysis of this file.
Info (12021): Found 0 design units, including 0 entities, in source file db/ip/niosHello/submodules/niosHello_nios2_gen2_0.v
Info (15248): File "/home/bruno/Documents/Insper/Embarcados-Avancados/Tutorial-FPGA-NIOS-IP/db/ip/niosHello/submodules/niosHello_nios2_gen2_0_cpu.v" is a duplicate of already analyzed file "/home/bruno/Documents/Insper/Embarcados-Avancados/Tutorial-FPGA-NIOS-IP/niosHello/synthesis/submodules/niosHello_nios2_gen2_0_cpu.v" (same filename, same library name and same md5 digest). Skipping analysis of this file.
Info (12021): Found 0 design units, including 0 entities, in source file db/ip/niosHello/submodules/niosHello_nios2_gen2_0_cpu.v
Info (15248): File "/home/bruno/Documents/Insper/Embarcados-Avancados/Tutorial-FPGA-NIOS-IP/db/ip/niosHello/submodules/niosHello_nios2_gen2_0_cpu_debug_slave_sysclk.v" is a duplicate of already analyzed file "/home/bruno/Documents/Insper/Embarcados-Avancados/Tutorial-FPGA-NIOS-IP/niosHello/synthesis/submodules/niosHello_nios2_gen2_0_cpu_debug_slave_sysclk.v" (same filename, same library name and same md5 digest). Skipping analysis of this file.
Info (12021): Found 0 design units, including 0 entities, in source file db/ip/niosHello/submodules/niosHello_nios2_gen2_0_cpu_debug_slave_sysclk.v
Info (15248): File "/home/bruno/Documents/Insper/Embarcados-Avancados/Tutorial-FPGA-NIOS-IP/db/ip/niosHello/submodules/niosHello_nios2_gen2_0_cpu_debug_slave_tck.v" is a duplicate of already analyzed file "/home/bruno/Documents/Insper/Embarcados-Avancados/Tutorial-FPGA-NIOS-IP/niosHello/synthesis/submodules/niosHello_nios2_gen2_0_cpu_debug_slave_tck.v" (same filename, same library name and same md5 digest). Skipping analysis of this file.
Info (12021): Found 0 design units, including 0 entities, in source file db/ip/niosHello/submodules/niosHello_nios2_gen2_0_cpu_debug_slave_tck.v
Info (15248): File "/home/bruno/Documents/Insper/Embarcados-Avancados/Tutorial-FPGA-NIOS-IP/db/ip/niosHello/submodules/niosHello_nios2_gen2_0_cpu_debug_slave_wrapper.v" is a duplicate of already analyzed file "/home/bruno/Documents/Insper/Embarcados-Avancados/Tutorial-FPGA-NIOS-IP/niosHello/synthesis/submodules/niosHello_nios2_gen2_0_cpu_debug_slave_wrapper.v" (same filename, same library name and same md5 digest). Skipping analysis of this file.
Info (12021): Found 0 design units, including 0 entities, in source file db/ip/niosHello/submodules/niosHello_nios2_gen2_0_cpu_debug_slave_wrapper.v
Info (15248): File "/home/bruno/Documents/Insper/Embarcados-Avancados/Tutorial-FPGA-NIOS-IP/db/ip/niosHello/submodules/niosHello_nios2_gen2_0_cpu_mult_cell.v" is a duplicate of already analyzed file "/home/bruno/Documents/Insper/Embarcados-Avancados/Tutorial-FPGA-NIOS-IP/niosHello/synthesis/submodules/niosHello_nios2_gen2_0_cpu_mult_cell.v" (same filename, same library name and same md5 digest). Skipping analysis of this file.
Info (12021): Found 0 design units, including 0 entities, in source file db/ip/niosHello/submodules/niosHello_nios2_gen2_0_cpu_mult_cell.v
Info (15248): File "/home/bruno/Documents/Insper/Embarcados-Avancados/Tutorial-FPGA-NIOS-IP/db/ip/niosHello/submodules/niosHello_nios2_gen2_0_cpu_test_bench.v" is a duplicate of already analyzed file "/home/bruno/Documents/Insper/Embarcados-Avancados/Tutorial-FPGA-NIOS-IP/niosHello/synthesis/submodules/niosHello_nios2_gen2_0_cpu_test_bench.v" (same filename, same library name and same md5 digest). Skipping analysis of this file.
Info (12021): Found 0 design units, including 0 entities, in source file db/ip/niosHello/submodules/niosHello_nios2_gen2_0_cpu_test_bench.v
Info (15248): File "/home/bruno/Documents/Insper/Embarcados-Avancados/Tutorial-FPGA-NIOS-IP/db/ip/niosHello/submodules/niosHello_onchip_memory2_0.v" is a duplicate of already analyzed file "/home/bruno/Documents/Insper/Embarcados-Avancados/Tutorial-FPGA-NIOS-IP/niosHello/synthesis/submodules/niosHello_onchip_memory2_0.v" (same filename, same library name and same md5 digest). Skipping analysis of this file.
Info (12021): Found 0 design units, including 0 entities, in source file db/ip/niosHello/submodules/niosHello_onchip_memory2_0.v
Info (15248): File "/home/bruno/Documents/Insper/Embarcados-Avancados/Tutorial-FPGA-NIOS-IP/db/ip/niosHello/submodules/niosHello_onchip_memory2_1.v" is a duplicate of already analyzed file "/home/bruno/Documents/Insper/Embarcados-Avancados/Tutorial-FPGA-NIOS-IP/niosHello/synthesis/submodules/niosHello_onchip_memory2_1.v" (same filename, same library name and same md5 digest). Skipping analysis of this file.
Info (12021): Found 0 design units, including 0 entities, in source file db/ip/niosHello/submodules/niosHello_onchip_memory2_1.v
Info (15248): File "/home/bruno/Documents/Insper/Embarcados-Avancados/Tutorial-FPGA-NIOS-IP/db/ip/niosHello/submodules/niosHello_pio_1.v" is a duplicate of already analyzed file "/home/bruno/Documents/Insper/Embarcados-Avancados/Tutorial-FPGA-NIOS-IP/niosHello/synthesis/submodules/niosHello_pio_1.v" (same filename, same library name and same md5 digest). Skipping analysis of this file.
Info (12021): Found 0 design units, including 0 entities, in source file db/ip/niosHello/submodules/niosHello_pio_1.v
Info (15248): File "/home/bruno/Documents/Insper/Embarcados-Avancados/Tutorial-FPGA-NIOS-IP/db/ip/niosHello/submodules/peripheral_LED.vhd" is a duplicate of already analyzed file "/home/bruno/Documents/Insper/Embarcados-Avancados/Tutorial-FPGA-NIOS-IP/niosHello/synthesis/submodules/peripheral_LED.vhd" (same filename, same library name and same md5 digest). Skipping analysis of this file.
Info (12021): Found 0 design units, including 0 entities, in source file db/ip/niosHello/submodules/peripheral_LED.vhd
Info (144001): Generated suppressed messages file /home/bruno/Documents/Insper/Embarcados-Avancados/Tutorial-FPGA-NIOS-IP/output_files/Tutorial-FPGA-NIOS-IP.map.smsg
Error: Quartus Prime Analysis & Synthesis was unsuccessful. 5 errors, 1 warning
    Error: Peak virtual memory: 1022 megabytes
    Error: Processing ended: Wed Sep 18 18:20:49 2019
    Error: Elapsed time: 00:00:35
    Error: Total CPU time (on all processors): 00:01:12


+------------------------------------------+
; Analysis & Synthesis Suppressed Messages ;
+------------------------------------------+
The suppressed messages can be found in /home/bruno/Documents/Insper/Embarcados-Avancados/Tutorial-FPGA-NIOS-IP/output_files/Tutorial-FPGA-NIOS-IP.map.smsg.


